2019-06-16 09:39:30.288  INFO 4512 --- [main] com.fly.admin.AdminServiceApplication    : The following profiles are active: pro
2019-06-16 09:39:30.304  INFO 4512 --- [main] ationConfigEmbeddedWebApplicationContext : Refreshing org.springframework.boot.context.embedded.AnnotationConfigEmbeddedWebApplicationContext@7a791b66: startup date [Sun Jun 16 09:39:30 CST 2019]; parent: org.springframework.context.annotation.AnnotationConfigApplicationContext@14555e0a
2019-06-16 09:39:31.138  INFO 4512 --- [main] o.s.b.f.s.DefaultListableBeanFactory     : Overriding bean definition for bean 'counterFactory' with a different definition: replacing [Root bean: class [null]; scope=; abstract=false; lazyInit=false; autowireMode=3; dependencyCheck=0; autowireCandidate=true; primary=false; factoryBeanName=org.springframework.cloud.netflix.zuul.ZuulServerAutoConfiguration$ZuulMetricsConfiguration; factoryMethodName=counterFactory; initMethodName=null; destroyMethodName=(inferred); defined in class path resource [org/springframework/cloud/netflix/zuul/ZuulServerAutoConfiguration$ZuulMetricsConfiguration.class]] with [Root bean: class [null]; scope=; abstract=false; lazyInit=false; autowireMode=3; dependencyCheck=0; autowireCandidate=true; primary=false; factoryBeanName=org.springframework.cloud.netflix.zuul.ZuulServerAutoConfiguration$ZuulCounterFactoryConfiguration; factoryMethodName=counterFactory; initMethodName=null; destroyMethodName=(inferred); defined in class path resource [org/springframework/cloud/netflix/zuul/ZuulServerAutoConfiguration$ZuulCounterFactoryConfiguration.class]]
2019-06-16 09:39:31.169  INFO 4512 --- [main] o.s.b.f.s.DefaultListableBeanFactory     : Overriding bean definition for bean 'zuulRefreshRoutesListener' with a different definition: replacing [Root bean: class [null]; scope=; abstract=false; lazyInit=false; autowireMode=3; dependencyCheck=0; autowireCandidate=true; primary=false; factoryBeanName=org.springframework.cloud.netflix.zuul.ZuulServerAutoConfiguration; factoryMethodName=zuulRefreshRoutesListener; initMethodName=null; destroyMethodName=(inferred); defined in class path resource [org/springframework/cloud/netflix/zuul/ZuulServerAutoConfiguration.class]] with [Root bean: class [null]; scope=; abstract=false; lazyInit=false; autowireMode=3; dependencyCheck=0; autowireCandidate=true; primary=false; factoryBeanName=de.codecentric.boot.admin.config.RevereseZuulProxyConfiguration; factoryMethodName=zuulRefreshRoutesListener; initMethodName=null; destroyMethodName=(inferred); defined in class path resource [de/codecentric/boot/admin/config/RevereseZuulProxyConfiguration.class]]
2019-06-16 09:39:31.295  INFO 4512 --- [main] o.s.cloud.context.scope.GenericScope     : BeanFactory id=a1679086-aa08-3a4e-bc8c-f34ace377f17
2019-06-16 09:39:31.315  INFO 4512 --- [main] f.a.AutowiredAnnotationBeanPostProcessor : JSR-330 'javax.inject.Inject' annotation found and supported for autowiring
2019-06-16 09:39:31.428  INFO 4512 --- [main] trationDelegate$BeanPostProcessorChecker : Bean 'org.springframework.cloud.netflix.metrics.MetricsInterceptorConfiguration$MetricsRestTemplateConfiguration' of type [org.springframework.cloud.netflix.metrics.MetricsInterceptorConfiguration$MetricsRestTemplateConfiguration$$EnhancerBySpringCGLIB$$1dee7a47] is not eligible for getting processed by all BeanPostProcessors (for example: not eligible for auto-proxying)
2019-06-16 09:39:31.547  INFO 4512 --- [main] trationDelegate$BeanPostProcessorChecker : Bean 'org.springframework.cloud.autoconfigure.ConfigurationPropertiesRebinderAutoConfiguration' of type [org.springframework.cloud.autoconfigure.ConfigurationPropertiesRebinderAutoConfiguration$$EnhancerBySpringCGLIB$$7dbd703] is not eligible for getting processed by all BeanPostProcessors (for example: not eligible for auto-proxying)
2019-06-16 09:39:31.879  INFO 4512 --- [main] s.b.c.e.t.TomcatEmbeddedServletContainer : Tomcat initialized with port(s): 9998 (http)
2019-06-16 09:39:31.887  INFO 4512 --- [main] o.apache.catalina.core.StandardService   : Starting service [Tomcat]
2019-06-16 09:39:31.888  INFO 4512 --- [main] org.apache.catalina.core.StandardEngine  : Starting Servlet Engine: Apache Tomcat/8.5.23
2019-06-16 09:39:32.148  INFO 4512 --- [localhost-startStop-1] o.a.c.c.C.[Tomcat].[localhost].[/]       : Initializing Spring embedded WebApplicationContext
2019-06-16 09:39:32.148  INFO 4512 --- [localhost-startStop-1] o.s.web.context.ContextLoader            : Root WebApplicationContext: initialization completed in 1844 ms
2019-06-16 09:39:32.787  INFO 4512 --- [localhost-startStop-1] o.s.b.w.servlet.FilterRegistrationBean   : Mapping filter: 'metricsFilter' to: [/*]
2019-06-16 09:39:32.787  INFO 4512 --- [localhost-startStop-1] o.s.b.w.servlet.FilterRegistrationBean   : Mapping filter: 'characterEncodingFilter' to: [/*]
2019-06-16 09:39:32.787  INFO 4512 --- [localhost-startStop-1] o.s.b.w.servlet.FilterRegistrationBean   : Mapping filter: 'hiddenHttpMethodFilter' to: [/*]
2019-06-16 09:39:32.787  INFO 4512 --- [localhost-startStop-1] o.s.b.w.servlet.FilterRegistrationBean   : Mapping filter: 'httpPutFormContentFilter' to: [/*]
2019-06-16 09:39:32.787  INFO 4512 --- [localhost-startStop-1] o.s.b.w.servlet.FilterRegistrationBean   : Mapping filter: 'requestContextFilter' to: [/*]
2019-06-16 09:39:32.788  INFO 4512 --- [localhost-startStop-1] .s.DelegatingFilterProxyRegistrationBean : Mapping filter: 'springSecurityFilterChain' to: [/*]
2019-06-16 09:39:32.788  INFO 4512 --- [localhost-startStop-1] o.s.b.w.servlet.FilterRegistrationBean   : Mapping filter: 'webRequestLoggingFilter' to: [/*]
2019-06-16 09:39:32.789  INFO 4512 --- [localhost-startStop-1] o.s.b.w.servlet.FilterRegistrationBean   : Mapping filter: 'applicationContextIdFilter' to: [/*]
2019-06-16 09:39:32.789  INFO 4512 --- [localhost-startStop-1] o.s.b.w.servlet.ServletRegistrationBean  : Mapping servlet: 'turbineStreamServlet' to [/turbine.stream]
2019-06-16 09:39:32.790  INFO 4512 --- [localhost-startStop-1] o.s.b.w.servlet.ServletRegistrationBean  : Mapping servlet: 'proxyStreamServlet' to [/proxy.stream]
2019-06-16 09:39:32.791  INFO 4512 --- [localhost-startStop-1] o.s.b.w.servlet.ServletRegistrationBean  : Mapping servlet: 'dispatcherServlet' to [/]
2019-06-16 09:39:32.792  INFO 4512 --- [localhost-startStop-1] o.s.b.w.servlet.ServletRegistrationBean  : Mapping servlet: 'zuulServlet' to [/zuul/*]
2019-06-16 09:39:33.624  INFO 4512 --- [main] o.a.c.c.C.[Tomcat].[localhost].[/]       : jolokia: No access restrictor found, access to any MBean is allowed
2019-06-16 09:39:34.033  INFO 4512 --- [main] o.s.ui.freemarker.SpringTemplateLoader   : SpringTemplateLoader for FreeMarker: using resource loader [org.springframework.boot.context.embedded.AnnotationConfigEmbeddedWebApplicationContext@7a791b66: startup date [Sun Jun 16 09:39:30 CST 2019]; parent: org.springframework.context.annotation.AnnotationConfigApplicationContext@14555e0a] and template loader path [classpath:/templates/]
2019-06-16 09:39:34.034  INFO 4512 --- [main] o.s.w.s.v.f.FreeMarkerConfigurer         : ClassTemplateLoader for Spring macros added to FreeMarker configuration
2019-06-16 09:39:34.094  WARN 4512 --- [main] c.n.c.sources.URLConfigurationSource     : No URLs will be polled as dynamic configuration sources.
2019-06-16 09:39:34.094  INFO 4512 --- [main] c.n.c.sources.URLConfigurationSource     : To enable URLs as dynamic configuration sources, define System property archaius.configurationSource.additionalUrls or make config.properties available on classpath.
2019-06-16 09:39:34.102  INFO 4512 --- [main] c.netflix.config.DynamicPropertyFactory  : DynamicPropertyFactory is initialized with configuration sources: com.netflix.config.ConcurrentCompositeConfiguration@5e0c4f21
2019-06-16 09:39:34.670  WARN 4512 --- [main] c.n.c.sources.URLConfigurationSource     : No URLs will be polled as dynamic configuration sources.
2019-06-16 09:39:34.670  INFO 4512 --- [main] c.n.c.sources.URLConfigurationSource     : To enable URLs as dynamic configuration sources, define System property archaius.configurationSource.additionalUrls or make config.properties available on classpath.
2019-06-16 09:39:35.047  INFO 4512 --- [main] s.w.s.m.m.a.RequestMappingHandlerAdapter : Looking for @ControllerAdvice: org.springframework.boot.context.embedded.AnnotationConfigEmbeddedWebApplicationContext@7a791b66: startup date [Sun Jun 16 09:39:30 CST 2019]; parent: org.springframework.context.annotation.AnnotationConfigApplicationContext@14555e0a
2019-06-16 09:39:35.196  INFO 4512 --- [main] s.w.s.m.m.a.RequestMappingHandlerMapping : Mapped "{[/hystrix/{path}]}" onto public java.lang.String org.springframework.cloud.netflix.hystrix.dashboard.HystrixDashboardController.monitor(java.lang.String,org.springframework.ui.Model,org.springframework.web.context.request.WebRequest)
2019-06-16 09:39:35.197  INFO 4512 --- [main] s.w.s.m.m.a.RequestMappingHandlerMapping : Mapped "{[/hystrix]}" onto public java.lang.String org.springframework.cloud.netflix.hystrix.dashboard.HystrixDashboardController.home(org.springframework.ui.Model,org.springframework.web.context.request.WebRequest)
2019-06-16 09:39:35.200  INFO 4512 --- [main] s.w.s.m.m.a.RequestMappingHandlerMapping : Mapped "{[/error]}" onto public org.springframework.http.ResponseEntity<java.util.Map<java.lang.String, java.lang.Object>> org.springframework.boot.autoconfigure.web.BasicErrorController.error(javax.servlet.http.HttpServletRequest)
2019-06-16 09:39:35.206  INFO 4512 --- [main] s.w.s.m.m.a.RequestMappingHandlerMapping : Mapped "{[/error],produces=[text/html]}" onto public org.springframework.web.servlet.ModelAndView org.springframework.boot.autoconfigure.web.BasicErrorController.errorHtml(javax.servlet.http.HttpServletRequest,javax.servlet.http.HttpServletResponse)
2019-06-16 09:39:35.215  INFO 4512 --- [main] s.w.s.m.m.a.RequestMappingHandlerMapping : Mapped "{[/api/turbine/clusters],methods=[GET]}" onto public java.util.Map<java.lang.String, ?> spring.boot.admin.turbine.web.TurbineController.getClusters()
2019-06-16 09:39:35.218  INFO 4512 --- [main] s.w.s.m.m.a.RequestMappingHandlerMapping : Mapped "{[/api/applications/{id}],methods=[GET]}" onto public org.springframework.http.ResponseEntity<?> de.codecentric.boot.admin.registry.web.RegistryController.get(java.lang.String)
2019-06-16 09:39:35.218  INFO 4512 --- [main] s.w.s.m.m.a.RequestMappingHandlerMapping : Mapped "{[/api/applications],methods=[POST]}" onto public org.springframework.http.ResponseEntity<?> de.codecentric.boot.admin.registry.web.RegistryController.register(de.codecentric.boot.admin.model.Application,org.springframework.web.util.UriComponentsBuilder)
2019-06-16 09:39:35.219  INFO 4512 --- [main] s.w.s.m.m.a.RequestMappingHandlerMapping : Mapped "{[/api/applications/{id}],methods=[DELETE]}" onto public org.springframework.http.ResponseEntity<?> de.codecentric.boot.admin.registry.web.RegistryController.unregister(java.lang.String)
2019-06-16 09:39:35.219  INFO 4512 --- [main] s.w.s.m.m.a.RequestMappingHandlerMapping : Mapped "{[/api/applications],methods=[GET]}" onto public java.util.Collection<de.codecentric.boot.admin.model.Application> de.codecentric.boot.admin.registry.web.RegistryController.applications(java.lang.String)
2019-06-16 09:39:35.222  INFO 4512 --- [main] s.w.s.m.m.a.RequestMappingHandlerMapping : Mapped "{[/api/journal],produces=[application/json]}" onto public java.util.Collection<de.codecentric.boot.admin.event.ClientApplicationEvent> de.codecentric.boot.admin.journal.web.JournalController.getJournal()
2019-06-16 09:39:35.223  INFO 4512 --- [main] s.w.s.m.m.a.RequestMappingHandlerMapping : Mapped "{[/api/journal],produces=[text/event-stream]}" onto public org.springframework.web.servlet.mvc.method.annotation.SseEmitter de.codecentric.boot.admin.journal.web.JournalController.getJournalEvents()
2019-06-16 09:39:35.317  INFO 4512 --- [main] o.s.w.s.handler.SimpleUrlHandlerMapping  : Root mapping to handler of type [class org.springframework.web.servlet.mvc.ParameterizableViewController]
2019-06-16 09:39:35.346  WARN 4512 --- [main] o.s.w.s.r.ResourceHttpRequestHandler     : Locations list is empty. No resources will be served unless a custom ResourceResolver is configured as an alternative to PathResourceResolver.
2019-06-16 09:39:35.346  WARN 4512 --- [main] o.s.w.s.r.ResourceHttpRequestHandler     : Locations list is empty. No resources will be served unless a custom ResourceResolver is configured as an alternative to PathResourceResolver.
2019-06-16 09:39:35.348  INFO 4512 --- [main] o.s.w.s.handler.SimpleUrlHandlerMapping  : Mapped URL path [/webjars/**] onto handler of type [class org.springframework.web.servlet.resource.ResourceHttpRequestHandler]
2019-06-16 09:39:35.348  INFO 4512 --- [main] o.s.w.s.handler.SimpleUrlHandlerMapping  : Mapped URL path [/**] onto handler of type [class org.springframework.web.servlet.resource.ResourceHttpRequestHandler]
2019-06-16 09:39:35.348  INFO 4512 --- [main] o.s.w.s.handler.SimpleUrlHandlerMapping  : Mapped URL path [/all-modules.css] onto handler of type [class org.springframework.web.servlet.resource.ResourceHttpRequestHandler]
2019-06-16 09:39:35.349  INFO 4512 --- [main] o.s.w.s.handler.SimpleUrlHandlerMapping  : Mapped URL path [/all-modules.js] onto handler of type [class org.springframework.web.servlet.resource.ResourceHttpRequestHandler]
2019-06-16 09:39:35.430  INFO 4512 --- [main] o.s.w.s.handler.SimpleUrlHandlerMapping  : Mapped URL path [/**/favicon.ico] onto handler of type [class org.springframework.web.servlet.resource.ResourceHttpRequestHandler]
2019-06-16 09:39:38.343  INFO 4512 --- [main] o.s.s.web.DefaultSecurityFilterChain     : Creating filter chain: OrRequestMatcher [requestMatchers=[Ant [pattern='/css/**'], Ant [pattern='/js/**'], Ant [pattern='/images/**'], Ant [pattern='/webjars/**'], Ant [pattern='/**/favicon.ico'], Ant [pattern='/error']]], []
2019-06-16 09:39:38.343  INFO 4512 --- [main] o.s.s.web.DefaultSecurityFilterChain     : Creating filter chain: org.springframework.boot.actuate.autoconfigure.ManagementWebSecurityAutoConfiguration$LazyEndpointPathRequestMatcher@5cfa2ac5, []
2019-06-16 09:39:38.603  INFO 4512 --- [main] o.s.s.web.DefaultSecurityFilterChain     : Creating filter chain: org.springframework.security.web.util.matcher.AnyRequestMatcher@1, [org.springframework.security.web.context.request.async.WebAsyncManagerIntegrationFilter@7e20f4e3, org.springframework.security.web.context.SecurityContextPersistenceFilter@3dad535f, org.springframework.security.web.header.HeaderWriterFilter@24e1e90a, org.springframework.security.web.authentication.logout.LogoutFilter@4d174189, org.springframework.security.web.authentication.UsernamePasswordAuthenticationFilter@362cf66, org.springframework.security.web.authentication.www.BasicAuthenticationFilter@76eadc5a, org.springframework.security.web.savedrequest.RequestCacheAwareFilter@1bd59b82, org.springframework.security.web.servletapi.SecurityContextHolderAwareRequestFilter@29532e91, org.springframework.security.web.authentication.AnonymousAuthenticationFilter@3af39e7b, org.springframework.security.web.session.SessionManagementFilter@34695b23, org.springframework.security.web.access.ExceptionTranslationFilter@6ab50d1c, org.springframework.security.web.access.intercept.FilterSecurityInterceptor@13662609]
2019-06-16 09:39:38.619  INFO 4512 --- [main] o.s.s.web.DefaultSecurityFilterChain     : Creating filter chain: OrRequestMatcher [requestMatchers=[Ant [pattern='/**']]], [org.springframework.security.web.context.request.async.WebAsyncManagerIntegrationFilter@40d10264, org.springframework.security.web.context.SecurityContextPersistenceFilter@990b86b, org.springframework.security.web.header.HeaderWriterFilter@562f6681, org.springframework.security.web.authentication.logout.LogoutFilter@40a7974, org.springframework.security.web.authentication.www.BasicAuthenticationFilter@8d5da7e, org.springframework.security.web.savedrequest.RequestCacheAwareFilter@3dea1ecc, org.springframework.security.web.servletapi.SecurityContextHolderAwareRequestFilter@105c6c9e, org.springframework.security.web.authentication.AnonymousAuthenticationFilter@6edd4fe2, org.springframework.security.web.session.SessionManagementFilter@6f6f65a4, org.springframework.security.web.access.ExceptionTranslationFilter@1c05097c, org.springframework.security.web.access.intercept.FilterSecurityInterceptor@497921d0]
2019-06-16 09:39:40.301  INFO 4512 --- [main] o.s.b.a.e.mvc.EndpointHandlerMapping     : Mapped "{[/jolokia/**]}" onto public org.springframework.web.servlet.ModelAndView org.springframework.boot.actuate.endpoint.mvc.JolokiaMvcEndpoint.handle(javax.servlet.http.HttpServletRequest,javax.servlet.http.HttpServletResponse) throws java.lang.Exception
2019-06-16 09:39:40.302  INFO 4512 --- [main] o.s.b.a.e.mvc.EndpointHandlerMapping     : Mapped "{[/env/{name:.*}],methods=[GET],produces=[application/vnd.spring-boot.actuator.v1+json || application/json]}" onto public java.lang.Object org.springframework.boot.actuate.endpoint.mvc.EnvironmentMvcEndpoint.value(java.lang.String)
2019-06-16 09:39:40.302  INFO 4512 --- [main] o.s.b.a.e.mvc.EndpointHandlerMapping     : Mapped "{[/env || /env.json],methods=[GET],produces=[application/vnd.spring-boot.actuator.v1+json || application/json]}" onto public java.lang.Object org.springframework.boot.actuate.endpoint.mvc.EndpointMvcAdapter.invoke()
2019-06-16 09:39:40.303  INFO 4512 --- [main] o.s.b.a.e.mvc.EndpointHandlerMapping     : Mapped "{[/info || /info.json],methods=[GET],produces=[application/vnd.spring-boot.actuator.v1+json || application/json]}" onto public java.lang.Object org.springframework.boot.actuate.endpoint.mvc.EndpointMvcAdapter.invoke()
2019-06-16 09:39:40.304  INFO 4512 --- [main] o.s.b.a.e.mvc.EndpointHandlerMapping     : Mapped "{[/auditevents || /auditevents.json],methods=[GET],produces=[application/vnd.spring-boot.actuator.v1+json || application/json]}" onto public org.springframework.http.ResponseEntity<?> org.springframework.boot.actuate.endpoint.mvc.AuditEventsMvcEndpoint.findByPrincipalAndAfterAndType(java.lang.String,java.util.Date,java.lang.String)
2019-06-16 09:39:40.304  INFO 4512 --- [main] o.s.b.a.e.mvc.EndpointHandlerMapping     : Mapped "{[/refresh || /refresh.json],methods=[POST]}" onto public java.lang.Object org.springframework.cloud.endpoint.GenericPostableMvcEndpoint.invoke()
2019-06-16 09:39:40.307  INFO 4512 --- [main] o.s.b.a.e.mvc.EndpointHandlerMapping     : Mapped "{[/features || /features.json],methods=[GET],produces=[application/vnd.spring-boot.actuator.v1+json || application/json]}" onto public java.lang.Object org.springframework.boot.actuate.endpoint.mvc.EndpointMvcAdapter.invoke()
2019-06-16 09:39:40.307  INFO 4512 --- [main] o.s.b.a.e.mvc.EndpointHandlerMapping     : Mapped "{[/routes || /routes.json],methods=[GET],produces=[application/vnd.spring-boot.actuator.v1+json || application/json]}" onto public java.lang.Object org.springframework.boot.actuate.endpoint.mvc.EndpointMvcAdapter.invoke()
2019-06-16 09:39:40.308  INFO 4512 --- [main] o.s.b.a.e.mvc.EndpointHandlerMapping     : Mapped "{[/metrics/{name:.*}],methods=[GET],produces=[application/vnd.spring-boot.actuator.v1+json || application/json]}" onto public java.lang.Object org.springframework.boot.actuate.endpoint.mvc.MetricsMvcEndpoint.value(java.lang.String)
2019-06-16 09:39:40.309  INFO 4512 --- [main] o.s.b.a.e.mvc.EndpointHandlerMapping     : Mapped "{[/metrics || /metrics.json],methods=[GET],produces=[application/vnd.spring-boot.actuator.v1+json || application/json]}" onto public java.lang.Object org.springframework.boot.actuate.endpoint.mvc.EndpointMvcAdapter.invoke()
2019-06-16 09:39:40.309  INFO 4512 --- [main] o.s.b.a.e.mvc.EndpointHandlerMapping     : Mapped "{[/configprops || /configprops.json],methods=[GET],produces=[application/vnd.spring-boot.actuator.v1+json || application/json]}" onto public java.lang.Object org.springframework.boot.actuate.endpoint.mvc.EndpointMvcAdapter.invoke()
2019-06-16 09:39:40.311  INFO 4512 --- [main] o.s.b.a.e.mvc.EndpointHandlerMapping     : Mapped "{[/hystrix.stream/**]}" onto public org.springframework.web.servlet.ModelAndView org.springframework.cloud.netflix.endpoint.ServletWrappingEndpoint.handle(javax.servlet.http.HttpServletRequest,javax.servlet.http.HttpServletResponse) throws java.lang.Exception
2019-06-16 09:39:40.312  INFO 4512 --- [main] o.s.b.a.e.mvc.EndpointHandlerMapping     : Mapped "{[/heapdump || /heapdump.json],methods=[GET],produces=[application/octet-stream]}" onto public void org.springframework.boot.actuate.endpoint.mvc.HeapdumpMvcEndpoint.invoke(boolean,javax.servlet.http.HttpServletRequest,javax.servlet.http.HttpServletResponse) throws java.io.IOException,javax.servlet.ServletException
2019-06-16 09:39:40.313  INFO 4512 --- [main] o.s.b.a.e.mvc.EndpointHandlerMapping     : Mapped "{[/beans || /beans.json],methods=[GET],produces=[application/vnd.spring-boot.actuator.v1+json || application/json]}" onto public java.lang.Object org.springframework.boot.actuate.endpoint.mvc.EndpointMvcAdapter.invoke()
2019-06-16 09:39:40.313  INFO 4512 --- [main] o.s.b.a.e.mvc.EndpointHandlerMapping     : Mapped "{[/env],methods=[POST]}" onto public java.lang.Object org.springframework.cloud.context.environment.EnvironmentManagerMvcEndpoint.value(java.util.Map<java.lang.String, java.lang.String>)
2019-06-16 09:39:40.314  INFO 4512 --- [main] o.s.b.a.e.mvc.EndpointHandlerMapping     : Mapped "{[/env/reset],methods=[POST]}" onto public java.util.Map<java.lang.String, java.lang.Object> org.springframework.cloud.context.environment.EnvironmentManagerMvcEndpoint.reset()
2019-06-16 09:39:40.315  INFO 4512 --- [main] o.s.b.a.e.mvc.EndpointHandlerMapping     : Mapped "{[/mappings || /mappings.json],methods=[GET],produces=[application/vnd.spring-boot.actuator.v1+json || application/json]}" onto public java.lang.Object org.springframework.boot.actuate.endpoint.mvc.EndpointMvcAdapter.invoke()
2019-06-16 09:39:40.316  INFO 4512 --- [main] o.s.b.a.e.mvc.EndpointHandlerMapping     : Mapped "{[/archaius || /archaius.json],methods=[GET],produces=[application/vnd.spring-boot.actuator.v1+json || application/json]}" onto public java.lang.Object org.springframework.boot.actuate.endpoint.mvc.EndpointMvcAdapter.invoke()
2019-06-16 09:39:40.317  INFO 4512 --- [main] o.s.b.a.e.mvc.EndpointHandlerMapping     : Mapped "{[/logfile || /logfile.json],methods=[GET || HEAD]}" onto public void org.springframework.boot.actuate.endpoint.mvc.LogFileMvcEndpoint.invoke(javax.servlet.http.HttpServletRequest,javax.servlet.http.HttpServletResponse) throws javax.servlet.ServletException,java.io.IOException
2019-06-16 09:39:40.318  INFO 4512 --- [main] o.s.b.a.e.mvc.EndpointHandlerMapping     : Mapped "{[/autoconfig || /autoconfig.json],methods=[GET],produces=[application/vnd.spring-boot.actuator.v1+json || application/json]}" onto public java.lang.Object org.springframework.boot.actuate.endpoint.mvc.EndpointMvcAdapter.invoke()
2019-06-16 09:39:40.318  INFO 4512 --- [main] o.s.b.a.e.mvc.EndpointHandlerMapping     : Mapped "{[/service-registry/instance-status],methods=[POST]}" onto public org.springframework.http.ResponseEntity<?> org.springframework.cloud.client.serviceregistry.endpoint.ServiceRegistryEndpoint.setStatus(java.lang.String)
2019-06-16 09:39:40.319  INFO 4512 --- [main] o.s.b.a.e.mvc.EndpointHandlerMapping     : Mapped "{[/service-registry/instance-status],methods=[GET]}" onto public org.springframework.http.ResponseEntity org.springframework.cloud.client.serviceregistry.endpoint.ServiceRegistryEndpoint.getStatus()
2019-06-16 09:39:40.319  INFO 4512 --- [main] o.s.b.a.e.mvc.EndpointHandlerMapping     : Mapped "{[/trace || /trace.json],methods=[GET],produces=[application/vnd.spring-boot.actuator.v1+json || application/json]}" onto public java.lang.Object org.springframework.boot.actuate.endpoint.mvc.EndpointMvcAdapter.invoke()
2019-06-16 09:39:40.320  INFO 4512 --- [main] o.s.b.a.e.mvc.EndpointHandlerMapping     : Mapped "{[/dump || /dump.json],methods=[GET],produces=[application/vnd.spring-boot.actuator.v1+json || application/json]}" onto public java.lang.Object org.springframework.boot.actuate.endpoint.mvc.EndpointMvcAdapter.invoke()
2019-06-16 09:39:40.321  INFO 4512 --- [main] o.s.b.a.e.mvc.EndpointHandlerMapping     : Mapped "{[/health || /health.json],methods=[GET],produces=[application/vnd.spring-boot.actuator.v1+json || application/json]}" onto public java.lang.Object org.springframework.boot.actuate.endpoint.mvc.HealthMvcEndpoint.invoke(javax.servlet.http.HttpServletRequest,java.security.Principal)
2019-06-16 09:39:40.322  INFO 4512 --- [main] o.s.b.a.e.mvc.EndpointHandlerMapping     : Mapped "{[/loggers/{name:.*}],methods=[GET],produces=[application/vnd.spring-boot.actuator.v1+json || application/json]}" onto public java.lang.Object org.springframework.boot.actuate.endpoint.mvc.LoggersMvcEndpoint.get(java.lang.String)
2019-06-16 09:39:40.323  INFO 4512 --- [main] o.s.b.a.e.mvc.EndpointHandlerMapping     : Mapped "{[/loggers/{name:.*}],methods=[POST],consumes=[application/vnd.spring-boot.actuator.v1+json || application/json],produces=[application/vnd.spring-boot.actuator.v1+json || application/json]}" onto public java.lang.Object org.springframework.boot.actuate.endpoint.mvc.LoggersMvcEndpoint.set(java.lang.String,java.util.Map<java.lang.String, java.lang.String>)
2019-06-16 09:39:40.323  INFO 4512 --- [main] o.s.b.a.e.mvc.EndpointHandlerMapping     : Mapped "{[/loggers || /loggers.json],methods=[GET],produces=[application/vnd.spring-boot.actuator.v1+json || application/json]}" onto public java.lang.Object org.springframework.boot.actuate.endpoint.mvc.EndpointMvcAdapter.invoke()
2019-06-16 09:39:42.897  INFO 4512 --- [main] o.s.c.n.zuul.ZuulFilterInitializer       : Starting filter initializer
2019-06-16 09:39:43.060  INFO 4512 --- [main] o.s.s.c.ThreadPoolTaskScheduler          : Initializing ExecutorService  'updateTaskScheduler'
2019-06-16 09:39:43.173  INFO 4512 --- [main] d.c.boot.admin.web.PrefixHandlerMapping  : Mapped "{[/api/turbine/clusters],methods=[GET]}" onto public java.util.Map<java.lang.String, ?> spring.boot.admin.turbine.web.TurbineController.getClusters()
2019-06-16 09:39:43.174  INFO 4512 --- [main] d.c.boot.admin.web.PrefixHandlerMapping  : Mapped "{[/api/applications/{id}],methods=[GET]}" onto public org.springframework.http.ResponseEntity<?> de.codecentric.boot.admin.registry.web.RegistryController.get(java.lang.String)
2019-06-16 09:39:43.175  INFO 4512 --- [main] d.c.boot.admin.web.PrefixHandlerMapping  : Mapped "{[/api/applications],methods=[POST]}" onto public org.springframework.http.ResponseEntity<?> de.codecentric.boot.admin.registry.web.RegistryController.register(de.codecentric.boot.admin.model.Application,org.springframework.web.util.UriComponentsBuilder)
2019-06-16 09:39:43.176  INFO 4512 --- [main] d.c.boot.admin.web.PrefixHandlerMapping  : Mapped "{[/api/applications/{id}],methods=[DELETE]}" onto public org.springframework.http.ResponseEntity<?> de.codecentric.boot.admin.registry.web.RegistryController.unregister(java.lang.String)
2019-06-16 09:39:43.176  INFO 4512 --- [main] d.c.boot.admin.web.PrefixHandlerMapping  : Mapped "{[/api/applications],methods=[GET]}" onto public java.util.Collection<de.codecentric.boot.admin.model.Application> de.codecentric.boot.admin.registry.web.RegistryController.applications(java.lang.String)
2019-06-16 09:39:43.178  INFO 4512 --- [main] d.c.boot.admin.web.PrefixHandlerMapping  : Mapped "{[/api/journal],produces=[application/json]}" onto public java.util.Collection<de.codecentric.boot.admin.event.ClientApplicationEvent> de.codecentric.boot.admin.journal.web.JournalController.getJournal()
2019-06-16 09:39:43.179  INFO 4512 --- [main] d.c.boot.admin.web.PrefixHandlerMapping  : Mapped "{[/api/journal],produces=[text/event-stream]}" onto public org.springframework.web.servlet.mvc.method.annotation.SseEmitter de.codecentric.boot.admin.journal.web.JournalController.getJournalEvents()
2019-06-16 09:39:43.491  INFO 4512 --- [main] o.s.j.e.a.AnnotationMBeanExporter        : Registering beans for JMX exposure on startup
2019-06-16 09:39:43.511  INFO 4512 --- [main] o.s.j.e.a.AnnotationMBeanExporter        : Bean with name 'environmentManager' has been autodetected for JMX exposure
2019-06-16 09:39:43.517  INFO 4512 --- [main] o.s.j.e.a.AnnotationMBeanExporter        : Bean with name 'configurationPropertiesRebinder' has been autodetected for JMX exposure
2019-06-16 09:39:43.518  INFO 4512 --- [main] o.s.j.e.a.AnnotationMBeanExporter        : Bean with name 'refreshEndpoint' has been autodetected for JMX exposure
2019-06-16 09:39:43.520  INFO 4512 --- [main] o.s.j.e.a.AnnotationMBeanExporter        : Bean with name 'serviceRegistryEndpoint' has been autodetected for JMX exposure
2019-06-16 09:39:43.521  INFO 4512 --- [main] o.s.j.e.a.AnnotationMBeanExporter        : Bean with name 'zuulEndpoint' has been autodetected for JMX exposure
2019-06-16 09:39:43.522  INFO 4512 --- [main] o.s.j.e.a.AnnotationMBeanExporter        : Bean with name 'refreshScope' has been autodetected for JMX exposure
2019-06-16 09:39:43.526  INFO 4512 --- [main] o.s.j.e.a.AnnotationMBeanExporter        : Located managed bean 'environmentManager': registering with JMX server as MBean [org.springframework.cloud.context.environment:name=environmentManager,type=EnvironmentManager]
2019-06-16 09:39:43.551  INFO 4512 --- [main] o.s.j.e.a.AnnotationMBeanExporter        : Located managed bean 'serviceRegistryEndpoint': registering with JMX server as MBean [org.springframework.cloud.client.serviceregistry.endpoint:name=serviceRegistryEndpoint,type=ServiceRegistryEndpoint]
2019-06-16 09:39:43.561  INFO 4512 --- [main] o.s.j.e.a.AnnotationMBeanExporter        : Located managed bean 'refreshScope': registering with JMX server as MBean [org.springframework.cloud.context.scope.refresh:name=refreshScope,type=RefreshScope]
2019-06-16 09:39:43.593  INFO 4512 --- [main] o.s.j.e.a.AnnotationMBeanExporter        : Located managed bean 'zuulEndpoint': registering with JMX server as MBean [org.springframework.cloud.netflix.zuul:name=zuulEndpoint,type=RoutesEndpoint]
2019-06-16 09:39:43.600  WARN 4512 --- [main] o.s.j.e.a.AnnotationMBeanExporter        : Bean with key 'zuulEndpoint' has been registered as an MBean but has no exposed attributes or operations
2019-06-16 09:39:43.603  INFO 4512 --- [main] o.s.j.e.a.AnnotationMBeanExporter        : Located managed bean 'configurationPropertiesRebinder': registering with JMX server as MBean [org.springframework.cloud.context.properties:name=configurationPropertiesRebinder,context=7a791b66,type=ConfigurationPropertiesRebinder]
2019-06-16 09:39:43.615  INFO 4512 --- [main] o.s.j.e.a.AnnotationMBeanExporter        : Located managed bean 'refreshEndpoint': registering with JMX server as MBean [org.springframework.cloud.endpoint:name=refreshEndpoint,type=RefreshEndpoint]
2019-06-16 09:39:44.683  INFO 4512 --- [main] o.a.c.c.C.[Tomcat].[localhost].[/]       : jolokia: No access restrictor found, access to any MBean is allowed
2019-06-16 09:39:44.690  INFO 4512 --- [main] o.a.c.c.C.[Tomcat].[localhost].[/]       : jolokia: jolokia:type=Config is already registered. Adding it with jolokia:type=Config,uuid=e75e839a-64a9-4f9e-a681-36ff27d58f49, but you should revise your setup in order to either use a qualifier or ensure, that only a single agent gets registered (otherwise history functionality might not work)
2019-06-16 09:39:44.691  INFO 4512 --- [main] o.a.c.c.C.[Tomcat].[localhost].[/]       : jolokia: Cannot register (legacy) MBean handler for config store with name jmx4perl:type=Config since it already exists. This is the case if another agent has been already started within the same JVM. The registration is skipped.
2019-06-16 09:39:44.691  INFO 4512 --- [main] o.a.c.c.C.[Tomcat].[localhost].[/]       : jolokia: Jolokia Discovery MBean registration is skipped because there is already one registered.
2019-06-16 09:39:44.813  INFO 4512 --- [main] o.s.c.support.DefaultLifecycleProcessor  : Starting beans in phase 0
2019-06-16 09:39:44.823  INFO 4512 --- [main] o.s.c.n.turbine.SpringAggregatorFactory  : Could not find monitors: []
2019-06-16 09:39:44.997  INFO 4512 --- [main] c.n.t.monitor.cluster.ClusterMonitor     : Registering event handler for cluster monitor: StaticListener_For_Aggregator
2019-06-16 09:39:45.001  INFO 4512 --- [main] c.n.t.handler.TurbineDataDispatcher      : 

Just added and starting handler tuple: StaticListener_For_Aggregator
2019-06-16 09:39:45.002  INFO 4512 --- [main] c.n.t.monitor.cluster.ClusterMonitor     : All event handlers for cluster monitor: [StaticListener_For_Aggregator]
2019-06-16 09:39:45.002  INFO 4512 --- [main] c.n.t.monitor.cluster.ClusterMonitor     : Starting up the cluster monitor for default_agg
2019-06-16 09:39:45.008  INFO 4512 --- [main] c.n.t.discovery.InstanceObservable       : Starting InstanceObservable at frequency: 60000 millis
2019-06-16 09:39:45.008  INFO 4512 --- [Timer-0] o.s.c.n.t.CommonsInstanceDiscovery       : No apps configured, returning an empty instance list
2019-06-16 09:39:45.009  INFO 4512 --- [Timer-0] c.n.t.discovery.InstanceObservable       : Retrieved hosts from InstanceDiscovery: 0
2019-06-16 09:39:45.010  INFO 4512 --- [Timer-0] c.n.t.discovery.InstanceObservable       : Found hosts that have been previously terminated: 0
2019-06-16 09:39:45.010  INFO 4512 --- [Timer-0] c.n.t.discovery.InstanceObservable       : Hosts up:0, hosts down: 0
2019-06-16 09:39:45.018  INFO 4512 --- [main] o.s.c.n.eureka.InstanceInfoFactory       : Setting initial instance status as: STARTING
2019-06-16 09:39:45.121  INFO 4512 --- [main] com.netflix.discovery.DiscoveryClient    : Initializing Eureka in region us-east-1
2019-06-16 09:39:45.287  INFO 4512 --- [main] c.n.d.provider.DiscoveryJerseyProvider   : Using JSON encoding codec LegacyJacksonJson
2019-06-16 09:39:45.287  INFO 4512 --- [main] c.n.d.provider.DiscoveryJerseyProvider   : Using JSON decoding codec LegacyJacksonJson
2019-06-16 09:39:45.552  INFO 4512 --- [main] c.n.d.provider.DiscoveryJerseyProvider   : Using XML encoding codec XStreamXml
2019-06-16 09:39:45.557  INFO 4512 --- [main] c.n.d.provider.DiscoveryJerseyProvider   : Using XML decoding codec XStreamXml
2019-06-16 09:39:46.226  INFO 4512 --- [main] c.n.d.s.r.aws.ConfigClusterResolver      : Resolving eureka endpoints via configuration
2019-06-16 09:39:47.561  INFO 4512 --- [main] com.netflix.discovery.DiscoveryClient    : Disable delta property : false
2019-06-16 09:39:47.563  INFO 4512 --- [main] com.netflix.discovery.DiscoveryClient    : Single vip registry refresh property : null
2019-06-16 09:39:47.563  INFO 4512 --- [main] com.netflix.discovery.DiscoveryClient    : Force full registry fetch : false
2019-06-16 09:39:47.563  INFO 4512 --- [main] com.netflix.discovery.DiscoveryClient    : Application is null : false
2019-06-16 09:39:47.564  INFO 4512 --- [main] com.netflix.discovery.DiscoveryClient    : Registered Applications size is zero : true
2019-06-16 09:39:47.564  INFO 4512 --- [main] com.netflix.discovery.DiscoveryClient    : Application version is -1: true
2019-06-16 09:39:47.564  INFO 4512 --- [main] com.netflix.discovery.DiscoveryClient    : Getting all instance registry info from the eureka server
2019-06-16 09:39:47.932  INFO 4512 --- [main] com.netflix.discovery.DiscoveryClient    : The response status is 200
2019-06-16 09:39:47.937  INFO 4512 --- [main] com.netflix.discovery.DiscoveryClient    : Starting heartbeat executor: renew interval is: 30
2019-06-16 09:39:47.942  INFO 4512 --- [main] c.n.discovery.InstanceInfoReplicator     : InstanceInfoReplicator onDemand update allowed rate per min is 4
2019-06-16 09:39:47.949  INFO 4512 --- [main] com.netflix.discovery.DiscoveryClient    : Discovery Client initialized at timestamp 1560649187949 with initial instances count: 1
2019-06-16 09:39:48.059  INFO 4512 --- [main] o.s.c.n.e.s.EurekaServiceRegistry        : Registering application admin-service with eureka with status UP
2019-06-16 09:39:48.062  INFO 4512 --- [main] com.netflix.discovery.DiscoveryClient    : Saw local status change event StatusChangeEvent [timestamp=1560649188062, current=UP, previous=STARTING]
2019-06-16 09:39:48.100  INFO 4512 --- [DiscoveryClient-InstanceInfoReplicator-0] com.netflix.discovery.DiscoveryClient    : DiscoveryClient_ADMIN-SERVICE/LAPTOP-BTKIHH20:admin-service:9998: registering service...
2019-06-16 09:39:48.106  INFO 4512 --- [main] d.c.b.a.registry.ApplicationRegistry     : New Application Application [id=98760458, name=ZIPKIN-SERVICE, managementUrl=http://LAPTOP-BTKIHH20:9411/, healthUrl=http://LAPTOP-BTKIHH20:9411/health, serviceUrl=http://LAPTOP-BTKIHH20:9411/] registered 
2019-06-16 09:39:48.167  INFO 4512 --- [DiscoveryClient-InstanceInfoReplicator-0] com.netflix.discovery.DiscoveryClient    : DiscoveryClient_ADMIN-SERVICE/LAPTOP-BTKIHH20:admin-service:9998 - registration status: 204
2019-06-16 09:39:48.220  INFO 4512 --- [main] o.s.c.support.DefaultLifecycleProcessor  : Starting beans in phase 2147483647
2019-06-16 09:39:48.231  INFO 4512 --- [main] ration$HystrixMetricsPollerConfiguration : Starting poller
2019-06-16 09:39:48.349  INFO 4512 --- [main] s.b.c.e.t.TomcatEmbeddedServletContainer : Tomcat started on port(s): 9998 (http)
2019-06-16 09:39:48.350  INFO 4512 --- [main] .s.c.n.e.s.EurekaAutoServiceRegistration : Updating port to 9998
2019-06-16 09:39:48.358  INFO 4512 --- [main] com.fly.admin.AdminServiceApplication    : Started AdminServiceApplication in 21.148 seconds (JVM running for 22.907)
2019-06-16 09:39:49.131  INFO 4512 --- [RMI TCP Connection(10)-127.0.0.1] c.c.c.ConfigServicePropertySourceLocator : Fetching config from server at: http://localhost:8769
2019-06-16 09:39:50.727  INFO 4512 --- [RMI TCP Connection(10)-127.0.0.1] c.c.c.ConfigServicePropertySourceLocator : Located environment: name=admin-service, profiles=[pro], label=null, version=null, state=null
2019-06-16 09:40:17.959  INFO 4512 --- [DiscoveryClient-CacheRefreshExecutor-0] d.c.b.a.registry.ApplicationRegistry     : New Application Application [id=9a2d2a6f, name=ADMIN-SERVICE, managementUrl=http://LAPTOP-BTKIHH20:9998/, healthUrl=http://LAPTOP-BTKIHH20:9998/health, serviceUrl=http://LAPTOP-BTKIHH20:9998/] registered 
2019-06-16 09:40:17.960  INFO 4512 --- [DiscoveryClient-CacheRefreshExecutor-0] d.c.b.a.registry.ApplicationRegistry     : New Application Application [id=fbea0096, name=GATEWAY-SERVICE, managementUrl=http://LAPTOP-BTKIHH20:5000/, healthUrl=http://LAPTOP-BTKIHH20:5000/health, serviceUrl=http://LAPTOP-BTKIHH20:5000/] registered 
2019-06-16 09:40:17.961  INFO 4512 --- [DiscoveryClient-CacheRefreshExecutor-0] d.c.b.a.registry.ApplicationRegistry     : New Application Application [id=86ea8e47, name=MONITOR-SERVICE, managementUrl=http://LAPTOP-BTKIHH20:8766/, healthUrl=http://LAPTOP-BTKIHH20:8766/health, serviceUrl=http://LAPTOP-BTKIHH20:8766/] registered 
2019-06-16 09:40:17.961  INFO 4512 --- [DiscoveryClient-CacheRefreshExecutor-0] d.c.b.a.registry.ApplicationRegistry     : New Application Application [id=c9a3bea4, name=LOGGER-SERVICE, managementUrl=http://LAPTOP-BTKIHH20:9997/, healthUrl=http://LAPTOP-BTKIHH20:9997/health, serviceUrl=http://LAPTOP-BTKIHH20:9997/] registered 
2019-06-16 09:40:17.962  INFO 4512 --- [DiscoveryClient-CacheRefreshExecutor-0] d.c.b.a.registry.ApplicationRegistry     : New Application Application [id=10db527d, name=UAA-SERVICE, managementUrl=http://LAPTOP-BTKIHH20:9999/, healthUrl=http://LAPTOP-BTKIHH20:9999/health, serviceUrl=http://LAPTOP-BTKIHH20:9999/] registered 
2019-06-16 09:40:18.020  INFO 4512 --- [http-nio-9998-exec-2] o.a.c.c.C.[Tomcat].[localhost].[/]       : Initializing Spring FrameworkServlet 'dispatcherServlet'
2019-06-16 09:40:18.020  INFO 4512 --- [http-nio-9998-exec-2] o.s.web.servlet.DispatcherServlet        : FrameworkServlet 'dispatcherServlet': initialization started
2019-06-16 09:40:18.066  INFO 4512 --- [http-nio-9998-exec-2] o.s.web.servlet.DispatcherServlet        : FrameworkServlet 'dispatcherServlet': initialization completed in 46 ms
2019-06-16 09:40:18.081  INFO 4512 --- [http-nio-9998-exec-2] o.s.c.n.zuul.web.ZuulHandlerMapping      : Mapped URL path [/api/turbine/stream/**] onto handler of type [class org.springframework.cloud.netflix.zuul.web.ZuulController]
2019-06-16 09:40:18.082  INFO 4512 --- [http-nio-9998-exec-2] o.s.c.n.zuul.web.ZuulHandlerMapping      : Mapped URL path [/api/applications/10db527d/health/**] onto handler of type [class org.springframework.cloud.netflix.zuul.web.ZuulController]
2019-06-16 09:40:18.082  INFO 4512 --- [http-nio-9998-exec-2] o.s.c.n.zuul.web.ZuulHandlerMapping      : Mapped URL path [/api/applications/10db527d/env/**] onto handler of type [class org.springframework.cloud.netflix.zuul.web.ZuulController]
2019-06-16 09:40:18.082  INFO 4512 --- [http-nio-9998-exec-2] o.s.c.n.zuul.web.ZuulHandlerMapping      : Mapped URL path [/api/applications/10db527d/metrics/**] onto handler of type [class org.springframework.cloud.netflix.zuul.web.ZuulController]
2019-06-16 09:40:18.082  INFO 4512 --- [http-nio-9998-exec-2] o.s.c.n.zuul.web.ZuulHandlerMapping      : Mapped URL path [/api/applications/10db527d/dump/**] onto handler of type [class org.springframework.cloud.netflix.zuul.web.ZuulController]
2019-06-16 09:40:18.082  INFO 4512 --- [http-nio-9998-exec-2] o.s.c.n.zuul.web.ZuulHandlerMapping      : Mapped URL path [/api/applications/10db527d/jolokia/**] onto handler of type [class org.springframework.cloud.netflix.zuul.web.ZuulController]
2019-06-16 09:40:18.082  INFO 4512 --- [http-nio-9998-exec-2] o.s.c.n.zuul.web.ZuulHandlerMapping      : Mapped URL path [/api/applications/10db527d/info/**] onto handler of type [class org.springframework.cloud.netflix.zuul.web.ZuulController]
2019-06-16 09:40:18.082  INFO 4512 --- [http-nio-9998-exec-2] o.s.c.n.zuul.web.ZuulHandlerMapping      : Mapped URL path [/api/applications/10db527d/configprops/**] onto handler of type [class org.springframework.cloud.netflix.zuul.web.ZuulController]
2019-06-16 09:40:18.082  INFO 4512 --- [http-nio-9998-exec-2] o.s.c.n.zuul.web.ZuulHandlerMapping      : Mapped URL path [/api/applications/10db527d/trace/**] onto handler of type [class org.springframework.cloud.netflix.zuul.web.ZuulController]
2019-06-16 09:40:18.082  INFO 4512 --- [http-nio-9998-exec-2] o.s.c.n.zuul.web.ZuulHandlerMapping      : Mapped URL path [/api/applications/10db527d/logfile/**] onto handler of type [class org.springframework.cloud.netflix.zuul.web.ZuulController]
2019-06-16 09:40:18.082  INFO 4512 --- [http-nio-9998-exec-2] o.s.c.n.zuul.web.ZuulHandlerMapping      : Mapped URL path [/api/applications/10db527d/refresh/**] onto handler of type [class org.springframework.cloud.netflix.zuul.web.ZuulController]
2019-06-16 09:40:18.082  INFO 4512 --- [http-nio-9998-exec-2] o.s.c.n.zuul.web.ZuulHandlerMapping      : Mapped URL path [/api/applications/10db527d/flyway/**] onto handler of type [class org.springframework.cloud.netflix.zuul.web.ZuulController]
2019-06-16 09:40:18.082  INFO 4512 --- [http-nio-9998-exec-2] o.s.c.n.zuul.web.ZuulHandlerMapping      : Mapped URL path [/api/applications/10db527d/liquibase/**] onto handler of type [class org.springframework.cloud.netflix.zuul.web.ZuulController]
2019-06-16 09:40:18.082  INFO 4512 --- [http-nio-9998-exec-2] o.s.c.n.zuul.web.ZuulHandlerMapping      : Mapped URL path [/api/applications/10db527d/heapdump/**] onto handler of type [class org.springframework.cloud.netflix.zuul.web.ZuulController]
2019-06-16 09:40:18.082  INFO 4512 --- [http-nio-9998-exec-2] o.s.c.n.zuul.web.ZuulHandlerMapping      : Mapped URL path [/api/applications/10db527d/loggers/**] onto handler of type [class org.springframework.cloud.netflix.zuul.web.ZuulController]
2019-06-16 09:40:18.082  INFO 4512 --- [http-nio-9998-exec-2] o.s.c.n.zuul.web.ZuulHandlerMapping      : Mapped URL path [/api/applications/10db527d/auditevents/**] onto handler of type [class org.springframework.cloud.netflix.zuul.web.ZuulController]
2019-06-16 09:40:18.082  INFO 4512 --- [http-nio-9998-exec-2] o.s.c.n.zuul.web.ZuulHandlerMapping      : Mapped URL path [/api/applications/10db527d/hystrix.stream/**] onto handler of type [class org.springframework.cloud.netflix.zuul.web.ZuulController]
2019-06-16 09:40:18.082  INFO 4512 --- [http-nio-9998-exec-2] o.s.c.n.zuul.web.ZuulHandlerMapping      : Mapped URL path [/api/applications/10db527d/activiti/**] onto handler of type [class org.springframework.cloud.netflix.zuul.web.ZuulController]
2019-06-16 09:40:18.082  INFO 4512 --- [http-nio-9998-exec-2] o.s.c.n.zuul.web.ZuulHandlerMapping      : Mapped URL path [/api/applications/9a2d2a6f/health/**] onto handler of type [class org.springframework.cloud.netflix.zuul.web.ZuulController]
2019-06-16 09:40:18.082  INFO 4512 --- [http-nio-9998-exec-2] o.s.c.n.zuul.web.ZuulHandlerMapping      : Mapped URL path [/api/applications/9a2d2a6f/env/**] onto handler of type [class org.springframework.cloud.netflix.zuul.web.ZuulController]
2019-06-16 09:40:18.082  INFO 4512 --- [http-nio-9998-exec-2] o.s.c.n.zuul.web.ZuulHandlerMapping      : Mapped URL path [/api/applications/9a2d2a6f/metrics/**] onto handler of type [class org.springframework.cloud.netflix.zuul.web.ZuulController]
2019-06-16 09:40:18.082  INFO 4512 --- [http-nio-9998-exec-2] o.s.c.n.zuul.web.ZuulHandlerMapping      : Mapped URL path [/api/applications/9a2d2a6f/dump/**] onto handler of type [class org.springframework.cloud.netflix.zuul.web.ZuulController]
2019-06-16 09:40:18.082  INFO 4512 --- [http-nio-9998-exec-2] o.s.c.n.zuul.web.ZuulHandlerMapping      : Mapped URL path [/api/applications/9a2d2a6f/jolokia/**] onto handler of type [class org.springframework.cloud.netflix.zuul.web.ZuulController]
2019-06-16 09:40:18.082  INFO 4512 --- [http-nio-9998-exec-2] o.s.c.n.zuul.web.ZuulHandlerMapping      : Mapped URL path [/api/applications/9a2d2a6f/info/**] onto handler of type [class org.springframework.cloud.netflix.zuul.web.ZuulController]
2019-06-16 09:40:18.082  INFO 4512 --- [http-nio-9998-exec-2] o.s.c.n.zuul.web.ZuulHandlerMapping      : Mapped URL path [/api/applications/9a2d2a6f/configprops/**] onto handler of type [class org.springframework.cloud.netflix.zuul.web.ZuulController]
2019-06-16 09:40:18.082  INFO 4512 --- [http-nio-9998-exec-2] o.s.c.n.zuul.web.ZuulHandlerMapping      : Mapped URL path [/api/applications/9a2d2a6f/trace/**] onto handler of type [class org.springframework.cloud.netflix.zuul.web.ZuulController]
2019-06-16 09:40:18.082  INFO 4512 --- [http-nio-9998-exec-2] o.s.c.n.zuul.web.ZuulHandlerMapping      : Mapped URL path [/api/applications/9a2d2a6f/logfile/**] onto handler of type [class org.springframework.cloud.netflix.zuul.web.ZuulController]
2019-06-16 09:40:18.082  INFO 4512 --- [http-nio-9998-exec-2] o.s.c.n.zuul.web.ZuulHandlerMapping      : Mapped URL path [/api/applications/9a2d2a6f/refresh/**] onto handler of type [class org.springframework.cloud.netflix.zuul.web.ZuulController]
2019-06-16 09:40:18.083  INFO 4512 --- [http-nio-9998-exec-2] o.s.c.n.zuul.web.ZuulHandlerMapping      : Mapped URL path [/api/applications/9a2d2a6f/flyway/**] onto handler of type [class org.springframework.cloud.netflix.zuul.web.ZuulController]
2019-06-16 09:40:18.083  INFO 4512 --- [http-nio-9998-exec-2] o.s.c.n.zuul.web.ZuulHandlerMapping      : Mapped URL path [/api/applications/9a2d2a6f/liquibase/**] onto handler of type [class org.springframework.cloud.netflix.zuul.web.ZuulController]
2019-06-16 09:40:18.083  INFO 4512 --- [http-nio-9998-exec-2] o.s.c.n.zuul.web.ZuulHandlerMapping      : Mapped URL path [/api/applications/9a2d2a6f/heapdump/**] onto handler of type [class org.springframework.cloud.netflix.zuul.web.ZuulController]
2019-06-16 09:40:18.083  INFO 4512 --- [http-nio-9998-exec-2] o.s.c.n.zuul.web.ZuulHandlerMapping      : Mapped URL path [/api/applications/9a2d2a6f/loggers/**] onto handler of type [class org.springframework.cloud.netflix.zuul.web.ZuulController]
2019-06-16 09:40:18.083  INFO 4512 --- [http-nio-9998-exec-2] o.s.c.n.zuul.web.ZuulHandlerMapping      : Mapped URL path [/api/applications/9a2d2a6f/auditevents/**] onto handler of type [class org.springframework.cloud.netflix.zuul.web.ZuulController]
2019-06-16 09:40:18.083  INFO 4512 --- [http-nio-9998-exec-2] o.s.c.n.zuul.web.ZuulHandlerMapping      : Mapped URL path [/api/applications/9a2d2a6f/hystrix.stream/**] onto handler of type [class org.springframework.cloud.netflix.zuul.web.ZuulController]
2019-06-16 09:40:18.083  INFO 4512 --- [http-nio-9998-exec-2] o.s.c.n.zuul.web.ZuulHandlerMapping      : Mapped URL path [/api/applications/9a2d2a6f/activiti/**] onto handler of type [class org.springframework.cloud.netflix.zuul.web.ZuulController]
2019-06-16 09:40:18.083  INFO 4512 --- [http-nio-9998-exec-2] o.s.c.n.zuul.web.ZuulHandlerMapping      : Mapped URL path [/api/applications/fbea0096/health/**] onto handler of type [class org.springframework.cloud.netflix.zuul.web.ZuulController]
2019-06-16 09:40:18.083  INFO 4512 --- [http-nio-9998-exec-2] o.s.c.n.zuul.web.ZuulHandlerMapping      : Mapped URL path [/api/applications/fbea0096/env/**] onto handler of type [class org.springframework.cloud.netflix.zuul.web.ZuulController]
2019-06-16 09:40:18.083  INFO 4512 --- [http-nio-9998-exec-2] o.s.c.n.zuul.web.ZuulHandlerMapping      : Mapped URL path [/api/applications/fbea0096/metrics/**] onto handler of type [class org.springframework.cloud.netflix.zuul.web.ZuulController]
2019-06-16 09:40:18.083  INFO 4512 --- [http-nio-9998-exec-2] o.s.c.n.zuul.web.ZuulHandlerMapping      : Mapped URL path [/api/applications/fbea0096/dump/**] onto handler of type [class org.springframework.cloud.netflix.zuul.web.ZuulController]
2019-06-16 09:40:18.083  INFO 4512 --- [http-nio-9998-exec-2] o.s.c.n.zuul.web.ZuulHandlerMapping      : Mapped URL path [/api/applications/fbea0096/jolokia/**] onto handler of type [class org.springframework.cloud.netflix.zuul.web.ZuulController]
2019-06-16 09:40:18.083  INFO 4512 --- [http-nio-9998-exec-2] o.s.c.n.zuul.web.ZuulHandlerMapping      : Mapped URL path [/api/applications/fbea0096/info/**] onto handler of type [class org.springframework.cloud.netflix.zuul.web.ZuulController]
2019-06-16 09:40:18.083  INFO 4512 --- [http-nio-9998-exec-2] o.s.c.n.zuul.web.ZuulHandlerMapping      : Mapped URL path [/api/applications/fbea0096/configprops/**] onto handler of type [class org.springframework.cloud.netflix.zuul.web.ZuulController]
2019-06-16 09:40:18.083  INFO 4512 --- [http-nio-9998-exec-2] o.s.c.n.zuul.web.ZuulHandlerMapping      : Mapped URL path [/api/applications/fbea0096/trace/**] onto handler of type [class org.springframework.cloud.netflix.zuul.web.ZuulController]
2019-06-16 09:40:18.083  INFO 4512 --- [http-nio-9998-exec-2] o.s.c.n.zuul.web.ZuulHandlerMapping      : Mapped URL path [/api/applications/fbea0096/logfile/**] onto handler of type [class org.springframework.cloud.netflix.zuul.web.ZuulController]
2019-06-16 09:40:18.084  INFO 4512 --- [http-nio-9998-exec-2] o.s.c.n.zuul.web.ZuulHandlerMapping      : Mapped URL path [/api/applications/fbea0096/refresh/**] onto handler of type [class org.springframework.cloud.netflix.zuul.web.ZuulController]
2019-06-16 09:40:18.084  INFO 4512 --- [http-nio-9998-exec-2] o.s.c.n.zuul.web.ZuulHandlerMapping      : Mapped URL path [/api/applications/fbea0096/flyway/**] onto handler of type [class org.springframework.cloud.netflix.zuul.web.ZuulController]
2019-06-16 09:40:18.084  INFO 4512 --- [http-nio-9998-exec-2] o.s.c.n.zuul.web.ZuulHandlerMapping      : Mapped URL path [/api/applications/fbea0096/liquibase/**] onto handler of type [class org.springframework.cloud.netflix.zuul.web.ZuulController]
2019-06-16 09:40:18.084  INFO 4512 --- [http-nio-9998-exec-2] o.s.c.n.zuul.web.ZuulHandlerMapping      : Mapped URL path [/api/applications/fbea0096/heapdump/**] onto handler of type [class org.springframework.cloud.netflix.zuul.web.ZuulController]
2019-06-16 09:40:18.084  INFO 4512 --- [http-nio-9998-exec-2] o.s.c.n.zuul.web.ZuulHandlerMapping      : Mapped URL path [/api/applications/fbea0096/loggers/**] onto handler of type [class org.springframework.cloud.netflix.zuul.web.ZuulController]
2019-06-16 09:40:18.084  INFO 4512 --- [http-nio-9998-exec-2] o.s.c.n.zuul.web.ZuulHandlerMapping      : Mapped URL path [/api/applications/fbea0096/auditevents/**] onto handler of type [class org.springframework.cloud.netflix.zuul.web.ZuulController]
2019-06-16 09:40:18.084  INFO 4512 --- [http-nio-9998-exec-2] o.s.c.n.zuul.web.ZuulHandlerMapping      : Mapped URL path [/api/applications/fbea0096/hystrix.stream/**] onto handler of type [class org.springframework.cloud.netflix.zuul.web.ZuulController]
2019-06-16 09:40:18.084  INFO 4512 --- [http-nio-9998-exec-2] o.s.c.n.zuul.web.ZuulHandlerMapping      : Mapped URL path [/api/applications/fbea0096/activiti/**] onto handler of type [class org.springframework.cloud.netflix.zuul.web.ZuulController]
2019-06-16 09:40:18.084  INFO 4512 --- [http-nio-9998-exec-2] o.s.c.n.zuul.web.ZuulHandlerMapping      : Mapped URL path [/api/applications/c9a3bea4/health/**] onto handler of type [class org.springframework.cloud.netflix.zuul.web.ZuulController]
2019-06-16 09:40:18.084  INFO 4512 --- [http-nio-9998-exec-2] o.s.c.n.zuul.web.ZuulHandlerMapping      : Mapped URL path [/api/applications/c9a3bea4/env/**] onto handler of type [class org.springframework.cloud.netflix.zuul.web.ZuulController]
2019-06-16 09:40:18.084  INFO 4512 --- [http-nio-9998-exec-2] o.s.c.n.zuul.web.ZuulHandlerMapping      : Mapped URL path [/api/applications/c9a3bea4/metrics/**] onto handler of type [class org.springframework.cloud.netflix.zuul.web.ZuulController]
2019-06-16 09:40:18.084  INFO 4512 --- [http-nio-9998-exec-2] o.s.c.n.zuul.web.ZuulHandlerMapping      : Mapped URL path [/api/applications/c9a3bea4/dump/**] onto handler of type [class org.springframework.cloud.netflix.zuul.web.ZuulController]
2019-06-16 09:40:18.084  INFO 4512 --- [http-nio-9998-exec-2] o.s.c.n.zuul.web.ZuulHandlerMapping      : Mapped URL path [/api/applications/c9a3bea4/jolokia/**] onto handler of type [class org.springframework.cloud.netflix.zuul.web.ZuulController]
2019-06-16 09:40:18.084  INFO 4512 --- [http-nio-9998-exec-2] o.s.c.n.zuul.web.ZuulHandlerMapping      : Mapped URL path [/api/applications/c9a3bea4/info/**] onto handler of type [class org.springframework.cloud.netflix.zuul.web.ZuulController]
2019-06-16 09:40:18.084  INFO 4512 --- [http-nio-9998-exec-2] o.s.c.n.zuul.web.ZuulHandlerMapping      : Mapped URL path [/api/applications/c9a3bea4/configprops/**] onto handler of type [class org.springframework.cloud.netflix.zuul.web.ZuulController]
2019-06-16 09:40:18.084  INFO 4512 --- [http-nio-9998-exec-2] o.s.c.n.zuul.web.ZuulHandlerMapping      : Mapped URL path [/api/applications/c9a3bea4/trace/**] onto handler of type [class org.springframework.cloud.netflix.zuul.web.ZuulController]
2019-06-16 09:40:18.084  INFO 4512 --- [http-nio-9998-exec-2] o.s.c.n.zuul.web.ZuulHandlerMapping      : Mapped URL path [/api/applications/c9a3bea4/logfile/**] onto handler of type [class org.springframework.cloud.netflix.zuul.web.ZuulController]
2019-06-16 09:40:18.084  INFO 4512 --- [http-nio-9998-exec-2] o.s.c.n.zuul.web.ZuulHandlerMapping      : Mapped URL path [/api/applications/c9a3bea4/refresh/**] onto handler of type [class org.springframework.cloud.netflix.zuul.web.ZuulController]
2019-06-16 09:40:18.085  INFO 4512 --- [http-nio-9998-exec-2] o.s.c.n.zuul.web.ZuulHandlerMapping      : Mapped URL path [/api/applications/c9a3bea4/flyway/**] onto handler of type [class org.springframework.cloud.netflix.zuul.web.ZuulController]
2019-06-16 09:40:18.085  INFO 4512 --- [http-nio-9998-exec-2] o.s.c.n.zuul.web.ZuulHandlerMapping      : Mapped URL path [/api/applications/c9a3bea4/liquibase/**] onto handler of type [class org.springframework.cloud.netflix.zuul.web.ZuulController]
2019-06-16 09:40:18.085  INFO 4512 --- [http-nio-9998-exec-2] o.s.c.n.zuul.web.ZuulHandlerMapping      : Mapped URL path [/api/applications/c9a3bea4/heapdump/**] onto handler of type [class org.springframework.cloud.netflix.zuul.web.ZuulController]
2019-06-16 09:40:18.085  INFO 4512 --- [http-nio-9998-exec-2] o.s.c.n.zuul.web.ZuulHandlerMapping      : Mapped URL path [/api/applications/c9a3bea4/loggers/**] onto handler of type [class org.springframework.cloud.netflix.zuul.web.ZuulController]
2019-06-16 09:40:18.085  INFO 4512 --- [http-nio-9998-exec-2] o.s.c.n.zuul.web.ZuulHandlerMapping      : Mapped URL path [/api/applications/c9a3bea4/auditevents/**] onto handler of type [class org.springframework.cloud.netflix.zuul.web.ZuulController]
2019-06-16 09:40:18.085  INFO 4512 --- [http-nio-9998-exec-2] o.s.c.n.zuul.web.ZuulHandlerMapping      : Mapped URL path [/api/applications/c9a3bea4/hystrix.stream/**] onto handler of type [class org.springframework.cloud.netflix.zuul.web.ZuulController]
2019-06-16 09:40:18.085  INFO 4512 --- [http-nio-9998-exec-2] o.s.c.n.zuul.web.ZuulHandlerMapping      : Mapped URL path [/api/applications/c9a3bea4/activiti/**] onto handler of type [class org.springframework.cloud.netflix.zuul.web.ZuulController]
2019-06-16 09:40:18.085  INFO 4512 --- [http-nio-9998-exec-2] o.s.c.n.zuul.web.ZuulHandlerMapping      : Mapped URL path [/api/applications/86ea8e47/health/**] onto handler of type [class org.springframework.cloud.netflix.zuul.web.ZuulController]
2019-06-16 09:40:18.085  INFO 4512 --- [http-nio-9998-exec-2] o.s.c.n.zuul.web.ZuulHandlerMapping      : Mapped URL path [/api/applications/86ea8e47/env/**] onto handler of type [class org.springframework.cloud.netflix.zuul.web.ZuulController]
2019-06-16 09:40:18.085  INFO 4512 --- [http-nio-9998-exec-2] o.s.c.n.zuul.web.ZuulHandlerMapping      : Mapped URL path [/api/applications/86ea8e47/metrics/**] onto handler of type [class org.springframework.cloud.netflix.zuul.web.ZuulController]
2019-06-16 09:40:18.085  INFO 4512 --- [http-nio-9998-exec-2] o.s.c.n.zuul.web.ZuulHandlerMapping      : Mapped URL path [/api/applications/86ea8e47/dump/**] onto handler of type [class org.springframework.cloud.netflix.zuul.web.ZuulController]
2019-06-16 09:40:18.085  INFO 4512 --- [http-nio-9998-exec-2] o.s.c.n.zuul.web.ZuulHandlerMapping      : Mapped URL path [/api/applications/86ea8e47/jolokia/**] onto handler of type [class org.springframework.cloud.netflix.zuul.web.ZuulController]
2019-06-16 09:40:18.085  INFO 4512 --- [http-nio-9998-exec-2] o.s.c.n.zuul.web.ZuulHandlerMapping      : Mapped URL path [/api/applications/86ea8e47/info/**] onto handler of type [class org.springframework.cloud.netflix.zuul.web.ZuulController]
2019-06-16 09:40:18.085  INFO 4512 --- [http-nio-9998-exec-2] o.s.c.n.zuul.web.ZuulHandlerMapping      : Mapped URL path [/api/applications/86ea8e47/configprops/**] onto handler of type [class org.springframework.cloud.netflix.zuul.web.ZuulController]
2019-06-16 09:40:18.085  INFO 4512 --- [http-nio-9998-exec-2] o.s.c.n.zuul.web.ZuulHandlerMapping      : Mapped URL path [/api/applications/86ea8e47/trace/**] onto handler of type [class org.springframework.cloud.netflix.zuul.web.ZuulController]
2019-06-16 09:40:18.085  INFO 4512 --- [http-nio-9998-exec-2] o.s.c.n.zuul.web.ZuulHandlerMapping      : Mapped URL path [/api/applications/86ea8e47/logfile/**] onto handler of type [class org.springframework.cloud.netflix.zuul.web.ZuulController]
2019-06-16 09:40:18.085  INFO 4512 --- [http-nio-9998-exec-2] o.s.c.n.zuul.web.ZuulHandlerMapping      : Mapped URL path [/api/applications/86ea8e47/refresh/**] onto handler of type [class org.springframework.cloud.netflix.zuul.web.ZuulController]
2019-06-16 09:40:18.085  INFO 4512 --- [http-nio-9998-exec-2] o.s.c.n.zuul.web.ZuulHandlerMapping      : Mapped URL path [/api/applications/86ea8e47/flyway/**] onto handler of type [class org.springframework.cloud.netflix.zuul.web.ZuulController]
2019-06-16 09:40:18.086  INFO 4512 --- [http-nio-9998-exec-2] o.s.c.n.zuul.web.ZuulHandlerMapping      : Mapped URL path [/api/applications/86ea8e47/liquibase/**] onto handler of type [class org.springframework.cloud.netflix.zuul.web.ZuulController]
2019-06-16 09:40:18.086  INFO 4512 --- [http-nio-9998-exec-2] o.s.c.n.zuul.web.ZuulHandlerMapping      : Mapped URL path [/api/applications/86ea8e47/heapdump/**] onto handler of type [class org.springframework.cloud.netflix.zuul.web.ZuulController]
2019-06-16 09:40:18.086  INFO 4512 --- [http-nio-9998-exec-2] o.s.c.n.zuul.web.ZuulHandlerMapping      : Mapped URL path [/api/applications/86ea8e47/loggers/**] onto handler of type [class org.springframework.cloud.netflix.zuul.web.ZuulController]
2019-06-16 09:40:18.086  INFO 4512 --- [http-nio-9998-exec-2] o.s.c.n.zuul.web.ZuulHandlerMapping      : Mapped URL path [/api/applications/86ea8e47/auditevents/**] onto handler of type [class org.springframework.cloud.netflix.zuul.web.ZuulController]
2019-06-16 09:40:18.086  INFO 4512 --- [http-nio-9998-exec-2] o.s.c.n.zuul.web.ZuulHandlerMapping      : Mapped URL path [/api/applications/86ea8e47/hystrix.stream/**] onto handler of type [class org.springframework.cloud.netflix.zuul.web.ZuulController]
2019-06-16 09:40:18.086  INFO 4512 --- [http-nio-9998-exec-2] o.s.c.n.zuul.web.ZuulHandlerMapping      : Mapped URL path [/api/applications/86ea8e47/activiti/**] onto handler of type [class org.springframework.cloud.netflix.zuul.web.ZuulController]
2019-06-16 09:40:18.086  INFO 4512 --- [http-nio-9998-exec-2] o.s.c.n.zuul.web.ZuulHandlerMapping      : Mapped URL path [/api/applications/98760458/health/**] onto handler of type [class org.springframework.cloud.netflix.zuul.web.ZuulController]
2019-06-16 09:40:18.086  INFO 4512 --- [http-nio-9998-exec-2] o.s.c.n.zuul.web.ZuulHandlerMapping      : Mapped URL path [/api/applications/98760458/env/**] onto handler of type [class org.springframework.cloud.netflix.zuul.web.ZuulController]
2019-06-16 09:40:18.086  INFO 4512 --- [http-nio-9998-exec-2] o.s.c.n.zuul.web.ZuulHandlerMapping      : Mapped URL path [/api/applications/98760458/metrics/**] onto handler of type [class org.springframework.cloud.netflix.zuul.web.ZuulController]
2019-06-16 09:40:18.086  INFO 4512 --- [http-nio-9998-exec-2] o.s.c.n.zuul.web.ZuulHandlerMapping      : Mapped URL path [/api/applications/98760458/dump/**] onto handler of type [class org.springframework.cloud.netflix.zuul.web.ZuulController]
2019-06-16 09:40:18.086  INFO 4512 --- [http-nio-9998-exec-2] o.s.c.n.zuul.web.ZuulHandlerMapping      : Mapped URL path [/api/applications/98760458/jolokia/**] onto handler of type [class org.springframework.cloud.netflix.zuul.web.ZuulController]
2019-06-16 09:40:18.086  INFO 4512 --- [http-nio-9998-exec-2] o.s.c.n.zuul.web.ZuulHandlerMapping      : Mapped URL path [/api/applications/98760458/info/**] onto handler of type [class org.springframework.cloud.netflix.zuul.web.ZuulController]
2019-06-16 09:40:18.087  INFO 4512 --- [http-nio-9998-exec-2] o.s.c.n.zuul.web.ZuulHandlerMapping      : Mapped URL path [/api/applications/98760458/configprops/**] onto handler of type [class org.springframework.cloud.netflix.zuul.web.ZuulController]
2019-06-16 09:40:18.087  INFO 4512 --- [http-nio-9998-exec-2] o.s.c.n.zuul.web.ZuulHandlerMapping      : Mapped URL path [/api/applications/98760458/trace/**] onto handler of type [class org.springframework.cloud.netflix.zuul.web.ZuulController]
2019-06-16 09:40:18.087  INFO 4512 --- [http-nio-9998-exec-2] o.s.c.n.zuul.web.ZuulHandlerMapping      : Mapped URL path [/api/applications/98760458/logfile/**] onto handler of type [class org.springframework.cloud.netflix.zuul.web.ZuulController]
2019-06-16 09:40:18.087  INFO 4512 --- [http-nio-9998-exec-2] o.s.c.n.zuul.web.ZuulHandlerMapping      : Mapped URL path [/api/applications/98760458/refresh/**] onto handler of type [class org.springframework.cloud.netflix.zuul.web.ZuulController]
2019-06-16 09:40:18.087  INFO 4512 --- [http-nio-9998-exec-2] o.s.c.n.zuul.web.ZuulHandlerMapping      : Mapped URL path [/api/applications/98760458/flyway/**] onto handler of type [class org.springframework.cloud.netflix.zuul.web.ZuulController]
2019-06-16 09:40:18.087  INFO 4512 --- [http-nio-9998-exec-2] o.s.c.n.zuul.web.ZuulHandlerMapping      : Mapped URL path [/api/applications/98760458/liquibase/**] onto handler of type [class org.springframework.cloud.netflix.zuul.web.ZuulController]
2019-06-16 09:40:18.087  INFO 4512 --- [http-nio-9998-exec-2] o.s.c.n.zuul.web.ZuulHandlerMapping      : Mapped URL path [/api/applications/98760458/heapdump/**] onto handler of type [class org.springframework.cloud.netflix.zuul.web.ZuulController]
2019-06-16 09:40:18.087  INFO 4512 --- [http-nio-9998-exec-2] o.s.c.n.zuul.web.ZuulHandlerMapping      : Mapped URL path [/api/applications/98760458/loggers/**] onto handler of type [class org.springframework.cloud.netflix.zuul.web.ZuulController]
2019-06-16 09:40:18.087  INFO 4512 --- [http-nio-9998-exec-2] o.s.c.n.zuul.web.ZuulHandlerMapping      : Mapped URL path [/api/applications/98760458/auditevents/**] onto handler of type [class org.springframework.cloud.netflix.zuul.web.ZuulController]
2019-06-16 09:40:18.087  INFO 4512 --- [http-nio-9998-exec-2] o.s.c.n.zuul.web.ZuulHandlerMapping      : Mapped URL path [/api/applications/98760458/hystrix.stream/**] onto handler of type [class org.springframework.cloud.netflix.zuul.web.ZuulController]
2019-06-16 09:40:18.087  INFO 4512 --- [http-nio-9998-exec-2] o.s.c.n.zuul.web.ZuulHandlerMapping      : Mapped URL path [/api/applications/98760458/activiti/**] onto handler of type [class org.springframework.cloud.netflix.zuul.web.ZuulController]
2019-06-16 09:40:45.008  INFO 4512 --- [Timer-0] o.s.c.n.t.CommonsInstanceDiscovery       : No apps configured, returning an empty instance list
2019-06-16 09:40:45.009  INFO 4512 --- [Timer-0] c.n.t.discovery.InstanceObservable       : Retrieved hosts from InstanceDiscovery: 0
2019-06-16 09:40:45.009  INFO 4512 --- [Timer-0] c.n.t.discovery.InstanceObservable       : Found hosts that have been previously terminated: 0
2019-06-16 09:40:45.010  INFO 4512 --- [Timer-0] c.n.t.discovery.InstanceObservable       : Hosts up:0, hosts down: 0
2019-06-16 09:41:45.009  INFO 4512 --- [Timer-0] o.s.c.n.t.CommonsInstanceDiscovery       : No apps configured, returning an empty instance list
2019-06-16 09:41:45.009  INFO 4512 --- [Timer-0] c.n.t.discovery.InstanceObservable       : Retrieved hosts from InstanceDiscovery: 0
2019-06-16 09:41:45.009  INFO 4512 --- [Timer-0] c.n.t.discovery.InstanceObservable       : Found hosts that have been previously terminated: 0
2019-06-16 09:41:45.009  INFO 4512 --- [Timer-0] c.n.t.discovery.InstanceObservable       : Hosts up:0, hosts down: 0
2019-06-16 09:42:45.009  INFO 4512 --- [Timer-0] o.s.c.n.t.CommonsInstanceDiscovery       : No apps configured, returning an empty instance list
2019-06-16 09:42:45.009  INFO 4512 --- [Timer-0] c.n.t.discovery.InstanceObservable       : Retrieved hosts from InstanceDiscovery: 0
2019-06-16 09:42:45.009  INFO 4512 --- [Timer-0] c.n.t.discovery.InstanceObservable       : Found hosts that have been previously terminated: 0
2019-06-16 09:42:45.009  INFO 4512 --- [Timer-0] c.n.t.discovery.InstanceObservable       : Hosts up:0, hosts down: 0
2019-06-16 09:43:45.010  INFO 4512 --- [Timer-0] o.s.c.n.t.CommonsInstanceDiscovery       : No apps configured, returning an empty instance list
2019-06-16 09:43:45.010  INFO 4512 --- [Timer-0] c.n.t.discovery.InstanceObservable       : Retrieved hosts from InstanceDiscovery: 0
2019-06-16 09:43:45.010  INFO 4512 --- [Timer-0] c.n.t.discovery.InstanceObservable       : Found hosts that have been previously terminated: 0
2019-06-16 09:43:45.010  INFO 4512 --- [Timer-0] c.n.t.discovery.InstanceObservable       : Hosts up:0, hosts down: 0
2019-06-16 09:44:45.011  INFO 4512 --- [Timer-0] o.s.c.n.t.CommonsInstanceDiscovery       : No apps configured, returning an empty instance list
2019-06-16 09:44:45.011  INFO 4512 --- [Timer-0] c.n.t.discovery.InstanceObservable       : Retrieved hosts from InstanceDiscovery: 0
2019-06-16 09:44:45.011  INFO 4512 --- [Timer-0] c.n.t.discovery.InstanceObservable       : Found hosts that have been previously terminated: 0
2019-06-16 09:44:45.011  INFO 4512 --- [Timer-0] c.n.t.discovery.InstanceObservable       : Hosts up:0, hosts down: 0
2019-06-16 09:44:47.574  INFO 4512 --- [AsyncResolver-bootstrap-executor-0] c.n.d.s.r.aws.ConfigClusterResolver      : Resolving eureka endpoints via configuration
2019-06-16 09:45:08.388  INFO 4512 --- [http-nio-9998-exec-7] c.c.c.ConfigServicePropertySourceLocator : Fetching config from server at: http://localhost:8769
2019-06-16 09:45:09.359  INFO 4512 --- [http-nio-9998-exec-7] c.c.c.ConfigServicePropertySourceLocator : Located environment: name=admin-service, profiles=[pro], label=null, version=null, state=null
2019-06-16 09:45:45.012  INFO 4512 --- [Timer-0] o.s.c.n.t.CommonsInstanceDiscovery       : No apps configured, returning an empty instance list
2019-06-16 09:45:45.012  INFO 4512 --- [Timer-0] c.n.t.discovery.InstanceObservable       : Retrieved hosts from InstanceDiscovery: 0
2019-06-16 09:45:45.012  INFO 4512 --- [Timer-0] c.n.t.discovery.InstanceObservable       : Found hosts that have been previously terminated: 0
2019-06-16 09:45:45.012  INFO 4512 --- [Timer-0] c.n.t.discovery.InstanceObservable       : Hosts up:0, hosts down: 0
2019-06-16 09:46:45.012  INFO 4512 --- [Timer-0] o.s.c.n.t.CommonsInstanceDiscovery       : No apps configured, returning an empty instance list
2019-06-16 09:46:45.012  INFO 4512 --- [Timer-0] c.n.t.discovery.InstanceObservable       : Retrieved hosts from InstanceDiscovery: 0
2019-06-16 09:46:45.012  INFO 4512 --- [Timer-0] c.n.t.discovery.InstanceObservable       : Found hosts that have been previously terminated: 0
2019-06-16 09:46:45.012  INFO 4512 --- [Timer-0] c.n.t.discovery.InstanceObservable       : Hosts up:0, hosts down: 0
2019-06-16 09:47:45.013  INFO 4512 --- [Timer-0] o.s.c.n.t.CommonsInstanceDiscovery       : No apps configured, returning an empty instance list
2019-06-16 09:47:45.014  INFO 4512 --- [Timer-0] c.n.t.discovery.InstanceObservable       : Retrieved hosts from InstanceDiscovery: 0
2019-06-16 09:47:45.014  INFO 4512 --- [Timer-0] c.n.t.discovery.InstanceObservable       : Found hosts that have been previously terminated: 0
2019-06-16 09:47:45.014  INFO 4512 --- [Timer-0] c.n.t.discovery.InstanceObservable       : Hosts up:0, hosts down: 0
2019-06-16 09:47:48.147  INFO 4512 --- [DiscoveryClient-CacheRefreshExecutor-0] d.c.b.a.registry.ApplicationRegistry     : New Application Application [id=15ef9808, name=USER-SERVICE, managementUrl=http://LAPTOP-BTKIHH20:8762/, healthUrl=http://LAPTOP-BTKIHH20:8762/health, serviceUrl=http://LAPTOP-BTKIHH20:8762/] registered 
2019-06-16 09:47:48.416  INFO 4512 --- [http-nio-9998-exec-4] o.s.c.n.zuul.web.ZuulHandlerMapping      : Mapped URL path [/api/applications/15ef9808/health/**] onto handler of type [class org.springframework.cloud.netflix.zuul.web.ZuulController]
2019-06-16 09:47:48.416  INFO 4512 --- [http-nio-9998-exec-4] o.s.c.n.zuul.web.ZuulHandlerMapping      : Mapped URL path [/api/applications/15ef9808/env/**] onto handler of type [class org.springframework.cloud.netflix.zuul.web.ZuulController]
2019-06-16 09:47:48.416  INFO 4512 --- [http-nio-9998-exec-4] o.s.c.n.zuul.web.ZuulHandlerMapping      : Mapped URL path [/api/applications/15ef9808/metrics/**] onto handler of type [class org.springframework.cloud.netflix.zuul.web.ZuulController]
2019-06-16 09:47:48.416  INFO 4512 --- [http-nio-9998-exec-4] o.s.c.n.zuul.web.ZuulHandlerMapping      : Mapped URL path [/api/applications/15ef9808/dump/**] onto handler of type [class org.springframework.cloud.netflix.zuul.web.ZuulController]
2019-06-16 09:47:48.416  INFO 4512 --- [http-nio-9998-exec-4] o.s.c.n.zuul.web.ZuulHandlerMapping      : Mapped URL path [/api/applications/15ef9808/jolokia/**] onto handler of type [class org.springframework.cloud.netflix.zuul.web.ZuulController]
2019-06-16 09:47:48.416  INFO 4512 --- [http-nio-9998-exec-4] o.s.c.n.zuul.web.ZuulHandlerMapping      : Mapped URL path [/api/applications/15ef9808/info/**] onto handler of type [class org.springframework.cloud.netflix.zuul.web.ZuulController]
2019-06-16 09:47:48.417  INFO 4512 --- [http-nio-9998-exec-4] o.s.c.n.zuul.web.ZuulHandlerMapping      : Mapped URL path [/api/applications/15ef9808/configprops/**] onto handler of type [class org.springframework.cloud.netflix.zuul.web.ZuulController]
2019-06-16 09:47:48.417  INFO 4512 --- [http-nio-9998-exec-4] o.s.c.n.zuul.web.ZuulHandlerMapping      : Mapped URL path [/api/applications/15ef9808/trace/**] onto handler of type [class org.springframework.cloud.netflix.zuul.web.ZuulController]
2019-06-16 09:47:48.417  INFO 4512 --- [http-nio-9998-exec-4] o.s.c.n.zuul.web.ZuulHandlerMapping      : Mapped URL path [/api/applications/15ef9808/logfile/**] onto handler of type [class org.springframework.cloud.netflix.zuul.web.ZuulController]
2019-06-16 09:47:48.417  INFO 4512 --- [http-nio-9998-exec-4] o.s.c.n.zuul.web.ZuulHandlerMapping      : Mapped URL path [/api/applications/15ef9808/refresh/**] onto handler of type [class org.springframework.cloud.netflix.zuul.web.ZuulController]
2019-06-16 09:47:48.417  INFO 4512 --- [http-nio-9998-exec-4] o.s.c.n.zuul.web.ZuulHandlerMapping      : Mapped URL path [/api/applications/15ef9808/flyway/**] onto handler of type [class org.springframework.cloud.netflix.zuul.web.ZuulController]
2019-06-16 09:47:48.417  INFO 4512 --- [http-nio-9998-exec-4] o.s.c.n.zuul.web.ZuulHandlerMapping      : Mapped URL path [/api/applications/15ef9808/liquibase/**] onto handler of type [class org.springframework.cloud.netflix.zuul.web.ZuulController]
2019-06-16 09:47:48.417  INFO 4512 --- [http-nio-9998-exec-4] o.s.c.n.zuul.web.ZuulHandlerMapping      : Mapped URL path [/api/applications/15ef9808/heapdump/**] onto handler of type [class org.springframework.cloud.netflix.zuul.web.ZuulController]
2019-06-16 09:47:48.418  INFO 4512 --- [http-nio-9998-exec-4] o.s.c.n.zuul.web.ZuulHandlerMapping      : Mapped URL path [/api/applications/15ef9808/loggers/**] onto handler of type [class org.springframework.cloud.netflix.zuul.web.ZuulController]
2019-06-16 09:47:48.418  INFO 4512 --- [http-nio-9998-exec-4] o.s.c.n.zuul.web.ZuulHandlerMapping      : Mapped URL path [/api/applications/15ef9808/auditevents/**] onto handler of type [class org.springframework.cloud.netflix.zuul.web.ZuulController]
2019-06-16 09:47:48.418  INFO 4512 --- [http-nio-9998-exec-4] o.s.c.n.zuul.web.ZuulHandlerMapping      : Mapped URL path [/api/applications/15ef9808/hystrix.stream/**] onto handler of type [class org.springframework.cloud.netflix.zuul.web.ZuulController]
2019-06-16 09:47:48.418  INFO 4512 --- [http-nio-9998-exec-4] o.s.c.n.zuul.web.ZuulHandlerMapping      : Mapped URL path [/api/applications/15ef9808/activiti/**] onto handler of type [class org.springframework.cloud.netflix.zuul.web.ZuulController]
2019-06-16 09:48:45.013  INFO 4512 --- [Timer-0] o.s.c.n.t.CommonsInstanceDiscovery       : No apps configured, returning an empty instance list
2019-06-16 09:48:45.014  INFO 4512 --- [Timer-0] c.n.t.discovery.InstanceObservable       : Retrieved hosts from InstanceDiscovery: 0
2019-06-16 09:48:45.014  INFO 4512 --- [Timer-0] c.n.t.discovery.InstanceObservable       : Found hosts that have been previously terminated: 0
2019-06-16 09:48:45.014  INFO 4512 --- [Timer-0] c.n.t.discovery.InstanceObservable       : Hosts up:0, hosts down: 0
2019-06-16 09:49:18.185  INFO 4512 --- [DiscoveryClient-CacheRefreshExecutor-0] d.c.b.a.registry.ApplicationRegistry     : New Application Application [id=5c6b293d, name=NEWS-SERVICE, managementUrl=http://LAPTOP-BTKIHH20:8767/, healthUrl=http://LAPTOP-BTKIHH20:8767/health, serviceUrl=http://LAPTOP-BTKIHH20:8767/] registered 
2019-06-16 09:49:18.187  INFO 4512 --- [DiscoveryClient-CacheRefreshExecutor-0] d.c.b.a.registry.ApplicationRegistry     : New Application Application [id=ae3e5fcc, name=BLOG-SERVICE, managementUrl=http://LAPTOP-BTKIHH20:8763/, healthUrl=http://LAPTOP-BTKIHH20:8763/health, serviceUrl=http://LAPTOP-BTKIHH20:8763/] registered 
2019-06-16 09:49:18.672  INFO 4512 --- [http-nio-9998-exec-9] o.s.c.n.zuul.web.ZuulHandlerMapping      : Mapped URL path [/api/applications/ae3e5fcc/health/**] onto handler of type [class org.springframework.cloud.netflix.zuul.web.ZuulController]
2019-06-16 09:49:18.673  INFO 4512 --- [http-nio-9998-exec-9] o.s.c.n.zuul.web.ZuulHandlerMapping      : Mapped URL path [/api/applications/ae3e5fcc/env/**] onto handler of type [class org.springframework.cloud.netflix.zuul.web.ZuulController]
2019-06-16 09:49:18.673  INFO 4512 --- [http-nio-9998-exec-9] o.s.c.n.zuul.web.ZuulHandlerMapping      : Mapped URL path [/api/applications/ae3e5fcc/metrics/**] onto handler of type [class org.springframework.cloud.netflix.zuul.web.ZuulController]
2019-06-16 09:49:18.673  INFO 4512 --- [http-nio-9998-exec-9] o.s.c.n.zuul.web.ZuulHandlerMapping      : Mapped URL path [/api/applications/ae3e5fcc/dump/**] onto handler of type [class org.springframework.cloud.netflix.zuul.web.ZuulController]
2019-06-16 09:49:18.673  INFO 4512 --- [http-nio-9998-exec-9] o.s.c.n.zuul.web.ZuulHandlerMapping      : Mapped URL path [/api/applications/ae3e5fcc/jolokia/**] onto handler of type [class org.springframework.cloud.netflix.zuul.web.ZuulController]
2019-06-16 09:49:18.673  INFO 4512 --- [http-nio-9998-exec-9] o.s.c.n.zuul.web.ZuulHandlerMapping      : Mapped URL path [/api/applications/ae3e5fcc/info/**] onto handler of type [class org.springframework.cloud.netflix.zuul.web.ZuulController]
2019-06-16 09:49:18.673  INFO 4512 --- [http-nio-9998-exec-9] o.s.c.n.zuul.web.ZuulHandlerMapping      : Mapped URL path [/api/applications/ae3e5fcc/configprops/**] onto handler of type [class org.springframework.cloud.netflix.zuul.web.ZuulController]
2019-06-16 09:49:18.673  INFO 4512 --- [http-nio-9998-exec-9] o.s.c.n.zuul.web.ZuulHandlerMapping      : Mapped URL path [/api/applications/ae3e5fcc/trace/**] onto handler of type [class org.springframework.cloud.netflix.zuul.web.ZuulController]
2019-06-16 09:49:18.673  INFO 4512 --- [http-nio-9998-exec-9] o.s.c.n.zuul.web.ZuulHandlerMapping      : Mapped URL path [/api/applications/ae3e5fcc/logfile/**] onto handler of type [class org.springframework.cloud.netflix.zuul.web.ZuulController]
2019-06-16 09:49:18.673  INFO 4512 --- [http-nio-9998-exec-9] o.s.c.n.zuul.web.ZuulHandlerMapping      : Mapped URL path [/api/applications/ae3e5fcc/refresh/**] onto handler of type [class org.springframework.cloud.netflix.zuul.web.ZuulController]
2019-06-16 09:49:18.673  INFO 4512 --- [http-nio-9998-exec-9] o.s.c.n.zuul.web.ZuulHandlerMapping      : Mapped URL path [/api/applications/ae3e5fcc/flyway/**] onto handler of type [class org.springframework.cloud.netflix.zuul.web.ZuulController]
2019-06-16 09:49:18.674  INFO 4512 --- [http-nio-9998-exec-9] o.s.c.n.zuul.web.ZuulHandlerMapping      : Mapped URL path [/api/applications/ae3e5fcc/liquibase/**] onto handler of type [class org.springframework.cloud.netflix.zuul.web.ZuulController]
2019-06-16 09:49:18.674  INFO 4512 --- [http-nio-9998-exec-9] o.s.c.n.zuul.web.ZuulHandlerMapping      : Mapped URL path [/api/applications/ae3e5fcc/heapdump/**] onto handler of type [class org.springframework.cloud.netflix.zuul.web.ZuulController]
2019-06-16 09:49:18.674  INFO 4512 --- [http-nio-9998-exec-9] o.s.c.n.zuul.web.ZuulHandlerMapping      : Mapped URL path [/api/applications/ae3e5fcc/loggers/**] onto handler of type [class org.springframework.cloud.netflix.zuul.web.ZuulController]
2019-06-16 09:49:18.674  INFO 4512 --- [http-nio-9998-exec-9] o.s.c.n.zuul.web.ZuulHandlerMapping      : Mapped URL path [/api/applications/ae3e5fcc/auditevents/**] onto handler of type [class org.springframework.cloud.netflix.zuul.web.ZuulController]
2019-06-16 09:49:18.674  INFO 4512 --- [http-nio-9998-exec-9] o.s.c.n.zuul.web.ZuulHandlerMapping      : Mapped URL path [/api/applications/ae3e5fcc/hystrix.stream/**] onto handler of type [class org.springframework.cloud.netflix.zuul.web.ZuulController]
2019-06-16 09:49:18.674  INFO 4512 --- [http-nio-9998-exec-9] o.s.c.n.zuul.web.ZuulHandlerMapping      : Mapped URL path [/api/applications/ae3e5fcc/activiti/**] onto handler of type [class org.springframework.cloud.netflix.zuul.web.ZuulController]
2019-06-16 09:49:18.674  INFO 4512 --- [http-nio-9998-exec-9] o.s.c.n.zuul.web.ZuulHandlerMapping      : Mapped URL path [/api/applications/5c6b293d/health/**] onto handler of type [class org.springframework.cloud.netflix.zuul.web.ZuulController]
2019-06-16 09:49:18.674  INFO 4512 --- [http-nio-9998-exec-9] o.s.c.n.zuul.web.ZuulHandlerMapping      : Mapped URL path [/api/applications/5c6b293d/env/**] onto handler of type [class org.springframework.cloud.netflix.zuul.web.ZuulController]
2019-06-16 09:49:18.674  INFO 4512 --- [http-nio-9998-exec-9] o.s.c.n.zuul.web.ZuulHandlerMapping      : Mapped URL path [/api/applications/5c6b293d/metrics/**] onto handler of type [class org.springframework.cloud.netflix.zuul.web.ZuulController]
2019-06-16 09:49:18.674  INFO 4512 --- [http-nio-9998-exec-9] o.s.c.n.zuul.web.ZuulHandlerMapping      : Mapped URL path [/api/applications/5c6b293d/dump/**] onto handler of type [class org.springframework.cloud.netflix.zuul.web.ZuulController]
2019-06-16 09:49:18.674  INFO 4512 --- [http-nio-9998-exec-9] o.s.c.n.zuul.web.ZuulHandlerMapping      : Mapped URL path [/api/applications/5c6b293d/jolokia/**] onto handler of type [class org.springframework.cloud.netflix.zuul.web.ZuulController]
2019-06-16 09:49:18.675  INFO 4512 --- [http-nio-9998-exec-9] o.s.c.n.zuul.web.ZuulHandlerMapping      : Mapped URL path [/api/applications/5c6b293d/info/**] onto handler of type [class org.springframework.cloud.netflix.zuul.web.ZuulController]
2019-06-16 09:49:18.675  INFO 4512 --- [http-nio-9998-exec-9] o.s.c.n.zuul.web.ZuulHandlerMapping      : Mapped URL path [/api/applications/5c6b293d/configprops/**] onto handler of type [class org.springframework.cloud.netflix.zuul.web.ZuulController]
2019-06-16 09:49:18.675  INFO 4512 --- [http-nio-9998-exec-9] o.s.c.n.zuul.web.ZuulHandlerMapping      : Mapped URL path [/api/applications/5c6b293d/trace/**] onto handler of type [class org.springframework.cloud.netflix.zuul.web.ZuulController]
2019-06-16 09:49:18.675  INFO 4512 --- [http-nio-9998-exec-9] o.s.c.n.zuul.web.ZuulHandlerMapping      : Mapped URL path [/api/applications/5c6b293d/logfile/**] onto handler of type [class org.springframework.cloud.netflix.zuul.web.ZuulController]
2019-06-16 09:49:18.675  INFO 4512 --- [http-nio-9998-exec-9] o.s.c.n.zuul.web.ZuulHandlerMapping      : Mapped URL path [/api/applications/5c6b293d/refresh/**] onto handler of type [class org.springframework.cloud.netflix.zuul.web.ZuulController]
2019-06-16 09:49:18.675  INFO 4512 --- [http-nio-9998-exec-9] o.s.c.n.zuul.web.ZuulHandlerMapping      : Mapped URL path [/api/applications/5c6b293d/flyway/**] onto handler of type [class org.springframework.cloud.netflix.zuul.web.ZuulController]
2019-06-16 09:49:18.675  INFO 4512 --- [http-nio-9998-exec-9] o.s.c.n.zuul.web.ZuulHandlerMapping      : Mapped URL path [/api/applications/5c6b293d/liquibase/**] onto handler of type [class org.springframework.cloud.netflix.zuul.web.ZuulController]
2019-06-16 09:49:18.675  INFO 4512 --- [http-nio-9998-exec-9] o.s.c.n.zuul.web.ZuulHandlerMapping      : Mapped URL path [/api/applications/5c6b293d/heapdump/**] onto handler of type [class org.springframework.cloud.netflix.zuul.web.ZuulController]
2019-06-16 09:49:18.675  INFO 4512 --- [http-nio-9998-exec-9] o.s.c.n.zuul.web.ZuulHandlerMapping      : Mapped URL path [/api/applications/5c6b293d/loggers/**] onto handler of type [class org.springframework.cloud.netflix.zuul.web.ZuulController]
2019-06-16 09:49:18.676  INFO 4512 --- [http-nio-9998-exec-9] o.s.c.n.zuul.web.ZuulHandlerMapping      : Mapped URL path [/api/applications/5c6b293d/auditevents/**] onto handler of type [class org.springframework.cloud.netflix.zuul.web.ZuulController]
2019-06-16 09:49:18.676  INFO 4512 --- [http-nio-9998-exec-9] o.s.c.n.zuul.web.ZuulHandlerMapping      : Mapped URL path [/api/applications/5c6b293d/hystrix.stream/**] onto handler of type [class org.springframework.cloud.netflix.zuul.web.ZuulController]
2019-06-16 09:49:18.676  INFO 4512 --- [http-nio-9998-exec-9] o.s.c.n.zuul.web.ZuulHandlerMapping      : Mapped URL path [/api/applications/5c6b293d/activiti/**] onto handler of type [class org.springframework.cloud.netflix.zuul.web.ZuulController]
2019-06-16 09:49:45.013  INFO 4512 --- [Timer-0] o.s.c.n.t.CommonsInstanceDiscovery       : No apps configured, returning an empty instance list
2019-06-16 09:49:45.014  INFO 4512 --- [Timer-0] c.n.t.discovery.InstanceObservable       : Retrieved hosts from InstanceDiscovery: 0
2019-06-16 09:49:45.014  INFO 4512 --- [Timer-0] c.n.t.discovery.InstanceObservable       : Found hosts that have been previously terminated: 0
2019-06-16 09:49:45.015  INFO 4512 --- [Timer-0] c.n.t.discovery.InstanceObservable       : Hosts up:0, hosts down: 0
2019-06-16 09:49:47.584  INFO 4512 --- [AsyncResolver-bootstrap-executor-0] c.n.d.s.r.aws.ConfigClusterResolver      : Resolving eureka endpoints via configuration
2019-06-16 09:50:19.117  INFO 4512 --- [http-nio-9998-exec-6] c.c.c.ConfigServicePropertySourceLocator : Fetching config from server at: http://localhost:8769
2019-06-16 09:50:19.759  INFO 4512 --- [http-nio-9998-exec-6] c.c.c.ConfigServicePropertySourceLocator : Located environment: name=admin-service, profiles=[pro], label=null, version=null, state=null
2019-06-16 09:50:45.014  INFO 4512 --- [Timer-0] o.s.c.n.t.CommonsInstanceDiscovery       : No apps configured, returning an empty instance list
2019-06-16 09:50:45.014  INFO 4512 --- [Timer-0] c.n.t.discovery.InstanceObservable       : Retrieved hosts from InstanceDiscovery: 0
2019-06-16 09:50:45.014  INFO 4512 --- [Timer-0] c.n.t.discovery.InstanceObservable       : Found hosts that have been previously terminated: 0
2019-06-16 09:50:45.014  INFO 4512 --- [Timer-0] c.n.t.discovery.InstanceObservable       : Hosts up:0, hosts down: 0
2019-06-16 09:51:45.015  INFO 4512 --- [Timer-0] o.s.c.n.t.CommonsInstanceDiscovery       : No apps configured, returning an empty instance list
2019-06-16 09:51:45.015  INFO 4512 --- [Timer-0] c.n.t.discovery.InstanceObservable       : Retrieved hosts from InstanceDiscovery: 0
2019-06-16 09:51:45.015  INFO 4512 --- [Timer-0] c.n.t.discovery.InstanceObservable       : Found hosts that have been previously terminated: 0
2019-06-16 09:51:45.024  INFO 4512 --- [Timer-0] c.n.t.discovery.InstanceObservable       : Hosts up:0, hosts down: 0
2019-06-16 09:52:45.015  INFO 4512 --- [Timer-0] o.s.c.n.t.CommonsInstanceDiscovery       : No apps configured, returning an empty instance list
2019-06-16 09:52:45.015  INFO 4512 --- [Timer-0] c.n.t.discovery.InstanceObservable       : Retrieved hosts from InstanceDiscovery: 0
2019-06-16 09:52:45.015  INFO 4512 --- [Timer-0] c.n.t.discovery.InstanceObservable       : Found hosts that have been previously terminated: 0
2019-06-16 09:52:45.015  INFO 4512 --- [Timer-0] c.n.t.discovery.InstanceObservable       : Hosts up:0, hosts down: 0
2019-06-16 09:53:45.015  INFO 4512 --- [Timer-0] o.s.c.n.t.CommonsInstanceDiscovery       : No apps configured, returning an empty instance list
2019-06-16 09:53:45.016  INFO 4512 --- [Timer-0] c.n.t.discovery.InstanceObservable       : Retrieved hosts from InstanceDiscovery: 0
2019-06-16 09:53:45.025  INFO 4512 --- [Timer-0] c.n.t.discovery.InstanceObservable       : Found hosts that have been previously terminated: 0
2019-06-16 09:53:45.025  INFO 4512 --- [Timer-0] c.n.t.discovery.InstanceObservable       : Hosts up:0, hosts down: 0
2019-06-16 09:54:45.016  INFO 4512 --- [Timer-0] o.s.c.n.t.CommonsInstanceDiscovery       : No apps configured, returning an empty instance list
2019-06-16 09:54:45.018  INFO 4512 --- [Timer-0] c.n.t.discovery.InstanceObservable       : Retrieved hosts from InstanceDiscovery: 0
2019-06-16 09:54:45.018  INFO 4512 --- [Timer-0] c.n.t.discovery.InstanceObservable       : Found hosts that have been previously terminated: 0
2019-06-16 09:54:45.018  INFO 4512 --- [Timer-0] c.n.t.discovery.InstanceObservable       : Hosts up:0, hosts down: 0
2019-06-16 09:54:47.589  INFO 4512 --- [AsyncResolver-bootstrap-executor-0] c.n.d.s.r.aws.ConfigClusterResolver      : Resolving eureka endpoints via configuration
2019-06-16 09:55:39.091  INFO 4512 --- [http-nio-9998-exec-10] c.c.c.ConfigServicePropertySourceLocator : Fetching config from server at: http://localhost:8769
2019-06-16 09:55:39.895  INFO 4512 --- [http-nio-9998-exec-10] c.c.c.ConfigServicePropertySourceLocator : Located environment: name=admin-service, profiles=[pro], label=null, version=null, state=null
2019-06-16 09:55:45.017  INFO 4512 --- [Timer-0] o.s.c.n.t.CommonsInstanceDiscovery       : No apps configured, returning an empty instance list
2019-06-16 09:55:45.020  INFO 4512 --- [Timer-0] c.n.t.discovery.InstanceObservable       : Retrieved hosts from InstanceDiscovery: 0
2019-06-16 09:55:45.020  INFO 4512 --- [Timer-0] c.n.t.discovery.InstanceObservable       : Found hosts that have been previously terminated: 0
2019-06-16 09:55:45.020  INFO 4512 --- [Timer-0] c.n.t.discovery.InstanceObservable       : Hosts up:0, hosts down: 0
2019-06-16 09:56:45.018  INFO 4512 --- [Timer-0] o.s.c.n.t.CommonsInstanceDiscovery       : No apps configured, returning an empty instance list
2019-06-16 09:56:45.018  INFO 4512 --- [Timer-0] c.n.t.discovery.InstanceObservable       : Retrieved hosts from InstanceDiscovery: 0
2019-06-16 09:56:45.018  INFO 4512 --- [Timer-0] c.n.t.discovery.InstanceObservable       : Found hosts that have been previously terminated: 0
2019-06-16 09:56:45.018  INFO 4512 --- [Timer-0] c.n.t.discovery.InstanceObservable       : Hosts up:0, hosts down: 0
2019-06-16 09:57:45.018  INFO 4512 --- [Timer-0] o.s.c.n.t.CommonsInstanceDiscovery       : No apps configured, returning an empty instance list
2019-06-16 09:57:45.018  INFO 4512 --- [Timer-0] c.n.t.discovery.InstanceObservable       : Retrieved hosts from InstanceDiscovery: 0
2019-06-16 09:57:45.018  INFO 4512 --- [Timer-0] c.n.t.discovery.InstanceObservable       : Found hosts that have been previously terminated: 0
2019-06-16 09:57:45.018  INFO 4512 --- [Timer-0] c.n.t.discovery.InstanceObservable       : Hosts up:0, hosts down: 0
